This file contains any messages produced by compilers while
running configure, to aid debugging if configure makes a mistake.

It was created by configure, which was
generated by GNU Autoconf 2.64.  Invocation command line was

  $ ./configure --host=arm-linux

## --------- ##
## Platform. ##
## --------- ##

hostname = book-desktop
uname -m = i686
uname -r = 2.6.31-14-generic
uname -s = Linux
uname -v = #48-Ubuntu SMP Fri Oct 16 14:04:26 UTC 2009

/usr/bin/uname -p = unknown
/bin/uname -X     = unknown

/bin/arch              = unknown
/usr/bin/arch -k       = unknown
/usr/convex/getsysinfo = unknown
/usr/bin/hostinfo      = unknown
/bin/machine           = unknown
/usr/bin/oslevel       = unknown
/bin/universe          = unknown

PATH: /usr/local/sbin
PATH: /usr/local/bin
PATH: /usr/sbin
PATH: /usr/bin
PATH: /sbin
PATH: /bin
PATH: /usr/games
PATH: /work/tools/gcc-3.4.5-glibc-2.3.6/bin


## ----------- ##
## Core tests. ##
## ----------- ##

configure:2231: checking for arm-linux-gcc
configure:2247: found /work/tools/gcc-3.4.5-glibc-2.3.6/bin/arm-linux-gcc
configure:2258: result: arm-linux-gcc
configure:2527: checking for C compiler version
configure:2536: arm-linux-gcc --version >&5
arm-linux-gcc (GCC) 3.4.5
Copyright (C) 2004 Free Software Foundation, Inc.
This is free software; see the source for copying conditions.  There is NO
warranty; not even for MERCHANTABILITY or FITNESS FOR A PARTICULAR PURPOSE.

configure:2547: $? = 0
configure:2536: arm-linux-gcc -v >&5
Reading specs from /work/tools/gcc-3.4.5-glibc-2.3.6/lib/gcc/arm-linux/3.4.5/specs
Configured with: /work/tools/create_crosstools/crosstool-0.43/build/arm-linux/gcc-3.4.5-glibc-2.3.6/gcc-3.4.5/configure --target=arm-linux --host=i686-host_pc-linux-gnu --prefix=/work/tools/gcc-3.4.5-glibc-2.3.6 --with-float=soft --with-headers=/work/tools/gcc-3.4.5-glibc-2.3.6/arm-linux/include --with-local-prefix=/work/tools/gcc-3.4.5-glibc-2.3.6/arm-linux --disable-nls --enable-threads=posix --enable-symvers=gnu --enable-__cxa_atexit --enable-languages=c,c++ --enable-shared --enable-c99 --enable-long-long
Thread model: posix
gcc version 3.4.5
configure:2547: $? = 0
configure:2536: arm-linux-gcc -V >&5
arm-linux-gcc: `-V' option must have argument
configure:2547: $? = 1
configure:2536: arm-linux-gcc -qversion >&5
arm-linux-gcc: unrecognized option `-qversion'
arm-linux-gcc: no input files
configure:2547: $? = 1
configure:2567: checking for C compiler default output file name
configure:2589: arm-linux-gcc    conftest.c  >&5
configure:2593: $? = 0
configure:2630: result: a.out
configure:2646: checking whether the C compiler works
configure:2655: ./a.out
./configure: line 2657: ./a.out: cannot execute binary file
configure:2659: $? = 126
configure:2674: result: yes
configure:2681: checking whether we are cross compiling
configure:2683: result: yes
configure:2686: checking for suffix of executables
configure:2693: arm-linux-gcc -o conftest    conftest.c  >&5
configure:2697: $? = 0
configure:2719: result: 
configure:2725: checking for suffix of object files
configure:2747: arm-linux-gcc -c   conftest.c >&5
configure:2751: $? = 0
configure:2772: result: o
configure:2776: checking whether we are using the GNU C compiler
configure:2795: arm-linux-gcc -c   conftest.c >&5
configure:2795: $? = 0
configure:2804: result: yes
configure:2813: checking whether arm-linux-gcc accepts -g
configure:2833: arm-linux-gcc -c -g  conftest.c >&5
configure:2833: $? = 0
configure:2874: result: yes
configure:2891: checking for arm-linux-gcc option to accept ISO C89
configure:2955: arm-linux-gcc  -c -g -O2  conftest.c >&5
configure:2955: $? = 0
configure:2968: result: none needed
configure:2994: checking how to run the C preprocessor
configure:3025: arm-linux-gcc -E  conftest.c
configure:3025: $? = 0
configure:3039: arm-linux-gcc -E  conftest.c
conftest.c:9:28: ac_nonexistent.h: No such file or directory
configure:3039: $? = 1
configure: failed program was:
| /* confdefs.h */
| #define PACKAGE_NAME ""
| #define PACKAGE_TARNAME ""
| #define PACKAGE_VERSION ""
| #define PACKAGE_STRING ""
| #define PACKAGE_BUGREPORT ""
| #define PACKAGE_URL ""
| /* end confdefs.h.  */
| #include <ac_nonexistent.h>
configure:3064: result: arm-linux-gcc -E
configure:3084: arm-linux-gcc -E  conftest.c
configure:3084: $? = 0
configure:3098: arm-linux-gcc -E  conftest.c
conftest.c:9:28: ac_nonexistent.h: No such file or directory
configure:3098: $? = 1
configure: failed program was:
| /* confdefs.h */
| #define PACKAGE_NAME ""
| #define PACKAGE_TARNAME ""
| #define PACKAGE_VERSION ""
| #define PACKAGE_STRING ""
| #define PACKAGE_BUGREPORT ""
| #define PACKAGE_URL ""
| /* end confdefs.h.  */
| #include <ac_nonexistent.h>
configure:3127: checking for grep that handles long lines and -e
configure:3185: result: /bin/grep
configure:3190: checking for egrep
configure:3252: result: /bin/grep -E
configure:3257: checking for ANSI C header files
configure:3277: arm-linux-gcc -c -g -O2  conftest.c >&5
configure:3277: $? = 0
configure:3361: result: yes
configure:3374: checking for sys/types.h
configure:3374: arm-linux-gcc -c -g -O2  conftest.c >&5
configure:3374: $? = 0
configure:3374: result: yes
configure:3374: checking for sys/stat.h
configure:3374: arm-linux-gcc -c -g -O2  conftest.c >&5
configure:3374: $? = 0
configure:3374: result: yes
configure:3374: checking for stdlib.h
configure:3374: arm-linux-gcc -c -g -O2  conftest.c >&5
configure:3374: $? = 0
configure:3374: result: yes
configure:3374: checking for string.h
configure:3374: arm-linux-gcc -c -g -O2  conftest.c >&5
configure:3374: $? = 0
configure:3374: result: yes
configure:3374: checking for memory.h
configure:3374: arm-linux-gcc -c -g -O2  conftest.c >&5
configure:3374: $? = 0
configure:3374: result: yes
configure:3374: checking for strings.h
configure:3374: arm-linux-gcc -c -g -O2  conftest.c >&5
configure:3374: $? = 0
configure:3374: result: yes
configure:3374: checking for inttypes.h
configure:3374: arm-linux-gcc -c -g -O2  conftest.c >&5
configure:3374: $? = 0
configure:3374: result: yes
configure:3374: checking for stdint.h
configure:3374: arm-linux-gcc -c -g -O2  conftest.c >&5
configure:3374: $? = 0
configure:3374: result: yes
configure:3374: checking for unistd.h
configure:3374: arm-linux-gcc -c -g -O2  conftest.c >&5
configure:3374: $? = 0
configure:3374: result: yes
configure:3388: checking minix/config.h usability
configure:3388: arm-linux-gcc -c -g -O2  conftest.c >&5
conftest.c:52:26: minix/config.h: No such file or directory
configure:3388: $? = 1
configure: failed program was:
| /* confdefs.h */
| #define PACKAGE_NAME ""
| #define PACKAGE_TARNAME ""
| #define PACKAGE_VERSION ""
| #define PACKAGE_STRING ""
| #define PACKAGE_BUGREPORT ""
| #define PACKAGE_URL ""
| #define STDC_HEADERS 1
| #define HAVE_SYS_TYPES_H 1
| #define HAVE_SYS_STAT_H 1
| #define HAVE_STDLIB_H 1
| #define HAVE_STRING_H 1
| #define HAVE_MEMORY_H 1
| #define HAVE_STRINGS_H 1
| #define HAVE_INTTYPES_H 1
| #define HAVE_STDINT_H 1
| #define HAVE_UNISTD_H 1
| /* end confdefs.h.  */
| #include <stdio.h>
| #ifdef HAVE_SYS_TYPES_H
| # include <sys/types.h>
| #endif
| #ifdef HAVE_SYS_STAT_H
| # include <sys/stat.h>
| #endif
| #ifdef STDC_HEADERS
| # include <stdlib.h>
| # include <stddef.h>
| #else
| # ifdef HAVE_STDLIB_H
| #  include <stdlib.h>
| # endif
| #endif
| #ifdef HAVE_STRING_H
| # if !defined STDC_HEADERS && defined HAVE_MEMORY_H
| #  include <memory.h>
| # endif
| # include <string.h>
| #endif
| #ifdef HAVE_STRINGS_H
| # include <strings.h>
| #endif
| #ifdef HAVE_INTTYPES_H
| # include <inttypes.h>
| #endif
| #ifdef HAVE_STDINT_H
| # include <stdint.h>
| #endif
| #ifdef HAVE_UNISTD_H
| # include <unistd.h>
| #endif
| #include <minix/config.h>
configure:3388: result: no
configure:3388: checking minix/config.h presence
configure:3388: arm-linux-gcc -E  conftest.c
conftest.c:19:26: minix/config.h: No such file or directory
configure:3388: $? = 1
configure: failed program was:
| /* confdefs.h */
| #define PACKAGE_NAME ""
| #define PACKAGE_TARNAME ""
| #define PACKAGE_VERSION ""
| #define PACKAGE_STRING ""
| #define PACKAGE_BUGREPORT ""
| #define PACKAGE_URL ""
| #define STDC_HEADERS 1
| #define HAVE_SYS_TYPES_H 1
| #define HAVE_SYS_STAT_H 1
| #define HAVE_STDLIB_H 1
| #define HAVE_STRING_H 1
| #define HAVE_MEMORY_H 1
| #define HAVE_STRINGS_H 1
| #define HAVE_INTTYPES_H 1
| #define HAVE_STDINT_H 1
| #define HAVE_UNISTD_H 1
| /* end confdefs.h.  */
| #include <minix/config.h>
configure:3388: result: no
configure:3388: checking for minix/config.h
configure:3388: result: no
configure:3409: checking whether it is safe to define __EXTENSIONS__
configure:3427: arm-linux-gcc -c -g -O2  conftest.c >&5
configure:3427: $? = 0
configure:3434: result: yes
configure:3477: checking build system type
configure:3491: result: i686-pc-linux-gnu
configure:3511: checking host system type
configure:3524: result: arm-unknown-linux-gnu
configure:3544: checking target system type
configure:3557: result: arm-unknown-linux-gnu
configure:3599: checking for a BSD-compatible install
configure:3667: result: /usr/bin/install -c
configure:3690: checking for ANSI C header files
configure:3794: result: yes
configure:3805: checking for dirent.h that defines DIR
configure:3824: arm-linux-gcc -c -g -O2  conftest.c >&5
configure:3824: $? = 0
configure:3832: result: yes
configure:3846: checking for library containing opendir
configure:3877: arm-linux-gcc -o conftest -g -O2   conftest.c  >&5
configure:3877: $? = 0
configure:3894: result: none required
configure:3964: checking for working alloca.h
configure:3981: arm-linux-gcc -o conftest -g -O2   conftest.c  >&5
configure:3981: $? = 0
configure:3989: result: yes
configure:3997: checking for alloca
configure:4034: arm-linux-gcc -o conftest -g -O2   conftest.c  >&5
configure:4034: $? = 0
configure:4042: result: yes
configure:4155: checking sgtty.h usability
configure:4155: arm-linux-gcc -c -g -O2  conftest.c >&5
configure:4155: $? = 0
configure:4155: result: yes
configure:4155: checking sgtty.h presence
configure:4155: arm-linux-gcc -E  conftest.c
configure:4155: $? = 0
configure:4155: result: yes
configure:4155: checking for sgtty.h
configure:4155: result: yes
configure:4155: checking termio.h usability
configure:4155: arm-linux-gcc -c -g -O2  conftest.c >&5
configure:4155: $? = 0
configure:4155: result: yes
configure:4155: checking termio.h presence
configure:4155: arm-linux-gcc -E  conftest.c
configure:4155: $? = 0
configure:4155: result: yes
configure:4155: checking for termio.h
configure:4155: result: yes
configure:4155: checking termios.h usability
configure:4155: arm-linux-gcc -c -g -O2  conftest.c >&5
configure:4155: $? = 0
configure:4155: result: yes
configure:4155: checking termios.h presence
configure:4155: arm-linux-gcc -E  conftest.c
configure:4155: $? = 0
configure:4155: result: yes
configure:4155: checking for termios.h
configure:4155: result: yes
configure:4155: checking sys/reg.h usability
configure:4155: arm-linux-gcc -c -g -O2  conftest.c >&5
conftest.c:64:21: sys/reg.h: No such file or directory
configure:4155: $? = 1
configure: failed program was:
| /* confdefs.h */
| #define PACKAGE_NAME ""
| #define PACKAGE_TARNAME ""
| #define PACKAGE_VERSION ""
| #define PACKAGE_STRING ""
| #define PACKAGE_BUGREPORT ""
| #define PACKAGE_URL ""
| #define STDC_HEADERS 1
| #define HAVE_SYS_TYPES_H 1
| #define HAVE_SYS_STAT_H 1
| #define HAVE_STDLIB_H 1
| #define HAVE_STRING_H 1
| #define HAVE_MEMORY_H 1
| #define HAVE_STRINGS_H 1
| #define HAVE_INTTYPES_H 1
| #define HAVE_STDINT_H 1
| #define HAVE_UNISTD_H 1
| #define __EXTENSIONS__ 1
| #define _ALL_SOURCE 1
| #define _GNU_SOURCE 1
| #define _POSIX_PTHREAD_SEMANTICS 1
| #define _TANDEM_SOURCE 1
| #define STDC_HEADERS 1
| #define HAVE_DIRENT_H 1
| #define HAVE_ALLOCA_H 1
| #define HAVE_ALLOCA 1
| #define HAVE_SGTTY_H 1
| #define HAVE_TERMIO_H 1
| #define HAVE_TERMIOS_H 1
| /* end confdefs.h.  */
| #include <stdio.h>
| #ifdef HAVE_SYS_TYPES_H
| # include <sys/types.h>
| #endif
| #ifdef HAVE_SYS_STAT_H
| # include <sys/stat.h>
| #endif
| #ifdef STDC_HEADERS
| # include <stdlib.h>
| # include <stddef.h>
| #else
| # ifdef HAVE_STDLIB_H
| #  include <stdlib.h>
| # endif
| #endif
| #ifdef HAVE_STRING_H
| # if !defined STDC_HEADERS && defined HAVE_MEMORY_H
| #  include <memory.h>
| # endif
| # include <string.h>
| #endif
| #ifdef HAVE_STRINGS_H
| # include <strings.h>
| #endif
| #ifdef HAVE_INTTYPES_H
| # include <inttypes.h>
| #endif
| #ifdef HAVE_STDINT_H
| # include <stdint.h>
| #endif
| #ifdef HAVE_UNISTD_H
| # include <unistd.h>
| #endif
| #include <sys/reg.h>
configure:4155: result: no
configure:4155: checking sys/reg.h presence
configure:4155: arm-linux-gcc -E  conftest.c
conftest.c:31:21: sys/reg.h: No such file or directory
configure:4155: $? = 1
configure: failed program was:
| /* confdefs.h */
| #define PACKAGE_NAME ""
| #define PACKAGE_TARNAME ""
| #define PACKAGE_VERSION ""
| #define PACKAGE_STRING ""
| #define PACKAGE_BUGREPORT ""
| #define PACKAGE_URL ""
| #define STDC_HEADERS 1
| #define HAVE_SYS_TYPES_H 1
| #define HAVE_SYS_STAT_H 1
| #define HAVE_STDLIB_H 1
| #define HAVE_STRING_H 1
| #define HAVE_MEMORY_H 1
| #define HAVE_STRINGS_H 1
| #define HAVE_INTTYPES_H 1
| #define HAVE_STDINT_H 1
| #define HAVE_UNISTD_H 1
| #define __EXTENSIONS__ 1
| #define _ALL_SOURCE 1
| #define _GNU_SOURCE 1
| #define _POSIX_PTHREAD_SEMANTICS 1
| #define _TANDEM_SOURCE 1
| #define STDC_HEADERS 1
| #define HAVE_DIRENT_H 1
| #define HAVE_ALLOCA_H 1
| #define HAVE_ALLOCA 1
| #define HAVE_SGTTY_H 1
| #define HAVE_TERMIO_H 1
| #define HAVE_TERMIOS_H 1
| /* end confdefs.h.  */
| #include <sys/reg.h>
configure:4155: result: no
configure:4155: checking for sys/reg.h
configure:4155: result: no
configure:4155: checking for string.h
configure:4155: result: yes
configure:4155: checking proc_service.h usability
configure:4155: arm-linux-gcc -c -g -O2  conftest.c >&5
conftest.c:65:26: proc_service.h: No such file or directory
configure:4155: $? = 1
configure: failed program was:
| /* confdefs.h */
| #define PACKAGE_NAME ""
| #define PACKAGE_TARNAME ""
| #define PACKAGE_VERSION ""
| #define PACKAGE_STRING ""
| #define PACKAGE_BUGREPORT ""
| #define PACKAGE_URL ""
| #define STDC_HEADERS 1
| #define HAVE_SYS_TYPES_H 1
| #define HAVE_SYS_STAT_H 1
| #define HAVE_STDLIB_H 1
| #define HAVE_STRING_H 1
| #define HAVE_MEMORY_H 1
| #define HAVE_STRINGS_H 1
| #define HAVE_INTTYPES_H 1
| #define HAVE_STDINT_H 1
| #define HAVE_UNISTD_H 1
| #define __EXTENSIONS__ 1
| #define _ALL_SOURCE 1
| #define _GNU_SOURCE 1
| #define _POSIX_PTHREAD_SEMANTICS 1
| #define _TANDEM_SOURCE 1
| #define STDC_HEADERS 1
| #define HAVE_DIRENT_H 1
| #define HAVE_ALLOCA_H 1
| #define HAVE_ALLOCA 1
| #define HAVE_SGTTY_H 1
| #define HAVE_TERMIO_H 1
| #define HAVE_TERMIOS_H 1
| #define HAVE_STRING_H 1
| /* end confdefs.h.  */
| #include <stdio.h>
| #ifdef HAVE_SYS_TYPES_H
| # include <sys/types.h>
| #endif
| #ifdef HAVE_SYS_STAT_H
| # include <sys/stat.h>
| #endif
| #ifdef STDC_HEADERS
| # include <stdlib.h>
| # include <stddef.h>
| #else
| # ifdef HAVE_STDLIB_H
| #  include <stdlib.h>
| # endif
| #endif
| #ifdef HAVE_STRING_H
| # if !defined STDC_HEADERS && defined HAVE_MEMORY_H
| #  include <memory.h>
| # endif
| # include <string.h>
| #endif
| #ifdef HAVE_STRINGS_H
| # include <strings.h>
| #endif
| #ifdef HAVE_INTTYPES_H
| # include <inttypes.h>
| #endif
| #ifdef HAVE_STDINT_H
| # include <stdint.h>
| #endif
| #ifdef HAVE_UNISTD_H
| # include <unistd.h>
| #endif
| #include <proc_service.h>
configure:4155: result: no
configure:4155: checking proc_service.h presence
configure:4155: arm-linux-gcc -E  conftest.c
conftest.c:32:26: proc_service.h: No such file or directory
configure:4155: $? = 1
configure: failed program was:
| /* confdefs.h */
| #define PACKAGE_NAME ""
| #define PACKAGE_TARNAME ""
| #define PACKAGE_VERSION ""
| #define PACKAGE_STRING ""
| #define PACKAGE_BUGREPORT ""
| #define PACKAGE_URL ""
| #define STDC_HEADERS 1
| #define HAVE_SYS_TYPES_H 1
| #define HAVE_SYS_STAT_H 1
| #define HAVE_STDLIB_H 1
| #define HAVE_STRING_H 1
| #define HAVE_MEMORY_H 1
| #define HAVE_STRINGS_H 1
| #define HAVE_INTTYPES_H 1
| #define HAVE_STDINT_H 1
| #define HAVE_UNISTD_H 1
| #define __EXTENSIONS__ 1
| #define _ALL_SOURCE 1
| #define _GNU_SOURCE 1
| #define _POSIX_PTHREAD_SEMANTICS 1
| #define _TANDEM_SOURCE 1
| #define STDC_HEADERS 1
| #define HAVE_DIRENT_H 1
| #define HAVE_ALLOCA_H 1
| #define HAVE_ALLOCA 1
| #define HAVE_SGTTY_H 1
| #define HAVE_TERMIO_H 1
| #define HAVE_TERMIOS_H 1
| #define HAVE_STRING_H 1
| /* end confdefs.h.  */
| #include <proc_service.h>
configure:4155: result: no
configure:4155: checking for proc_service.h
configure:4155: result: no
configure:4155: checking sys/procfs.h usability
configure:4155: arm-linux-gcc -c -g -O2  conftest.c >&5
configure:4155: $? = 0
configure:4155: result: yes
configure:4155: checking sys/procfs.h presence
configure:4155: arm-linux-gcc -E  conftest.c
configure:4155: $? = 0
configure:4155: result: yes
configure:4155: checking for sys/procfs.h
configure:4155: result: yes
configure:4155: checking thread_db.h usability
configure:4155: arm-linux-gcc -c -g -O2  conftest.c >&5
configure:4155: $? = 0
configure:4155: result: yes
configure:4155: checking thread_db.h presence
configure:4155: arm-linux-gcc -E  conftest.c
configure:4155: $? = 0
configure:4155: result: yes
configure:4155: checking for thread_db.h
configure:4155: result: yes
configure:4155: checking linux/elf.h usability
configure:4155: arm-linux-gcc -c -g -O2  conftest.c >&5
configure:4155: $? = 0
configure:4155: result: yes
configure:4155: checking linux/elf.h presence
configure:4155: arm-linux-gcc -E  conftest.c
configure:4155: $? = 0
configure:4155: result: yes
configure:4155: checking for linux/elf.h
configure:4155: result: yes
configure:4155: checking for stdlib.h
configure:4155: result: yes
configure:4155: checking for unistd.h
configure:4155: result: yes
configure:4155: checking errno.h usability
configure:4155: arm-linux-gcc -c -g -O2  conftest.c >&5
configure:4155: $? = 0
configure:4155: result: yes
configure:4155: checking errno.h presence
configure:4155: arm-linux-gcc -E  conftest.c
configure:4155: $? = 0
configure:4155: result: yes
configure:4155: checking for errno.h
configure:4155: result: yes
configure:4155: checking fcntl.h usability
configure:4155: arm-linux-gcc -c -g -O2  conftest.c >&5
configure:4155: $? = 0
configure:4155: result: yes
configure:4155: checking fcntl.h presence
configure:4155: arm-linux-gcc -E  conftest.c
configure:4155: $? = 0
configure:4155: result: yes
configure:4155: checking for fcntl.h
configure:4155: result: yes
configure:4155: checking signal.h usability
configure:4155: arm-linux-gcc -c -g -O2  conftest.c >&5
configure:4155: $? = 0
configure:4155: result: yes
configure:4155: checking signal.h presence
configure:4155: arm-linux-gcc -E  conftest.c
configure:4155: $? = 0
configure:4155: result: yes
configure:4155: checking for signal.h
configure:4155: result: yes
configure:4155: checking sys/file.h usability
configure:4155: arm-linux-gcc -c -g -O2  conftest.c >&5
configure:4155: $? = 0
configure:4155: result: yes
configure:4155: checking sys/file.h presence
configure:4155: arm-linux-gcc -E  conftest.c
configure:4155: $? = 0
configure:4155: result: yes
configure:4155: checking for sys/file.h
configure:4155: result: yes
configure:4155: checking malloc.h usability
configure:4155: arm-linux-gcc -c -g -O2  conftest.c >&5
configure:4155: $? = 0
configure:4155: result: yes
configure:4155: checking malloc.h presence
configure:4155: arm-linux-gcc -E  conftest.c
configure:4155: $? = 0
configure:4155: result: yes
configure:4155: checking for malloc.h
configure:4155: result: yes
configure:4155: checking sys/ioctl.h usability
configure:4155: arm-linux-gcc -c -g -O2  conftest.c >&5
configure:4155: $? = 0
configure:4155: result: yes
configure:4155: checking sys/ioctl.h presence
configure:4155: arm-linux-gcc -E  conftest.c
configure:4155: $? = 0
configure:4155: result: yes
configure:4155: checking for sys/ioctl.h
configure:4155: result: yes
configure:4155: checking netinet/in.h usability
configure:4155: arm-linux-gcc -c -g -O2  conftest.c >&5
configure:4155: $? = 0
configure:4155: result: yes
configure:4155: checking netinet/in.h presence
configure:4155: arm-linux-gcc -E  conftest.c
configure:4155: $? = 0
configure:4155: result: yes
configure:4155: checking for netinet/in.h
configure:4155: result: yes
configure:4155: checking sys/socket.h usability
configure:4155: arm-linux-gcc -c -g -O2  conftest.c >&5
configure:4155: $? = 0
configure:4155: result: yes
configure:4155: checking sys/socket.h presence
configure:4155: arm-linux-gcc -E  conftest.c
configure:4155: $? = 0
configure:4155: result: yes
configure:4155: checking for sys/socket.h
configure:4155: result: yes
configure:4155: checking netdb.h usability
configure:4155: arm-linux-gcc -c -g -O2  conftest.c >&5
configure:4155: $? = 0
configure:4155: result: yes
configure:4155: checking netdb.h presence
configure:4155: arm-linux-gcc -E  conftest.c
configure:4155: $? = 0
configure:4155: result: yes
configure:4155: checking for netdb.h
configure:4155: result: yes
configure:4155: checking netinet/tcp.h usability
configure:4155: arm-linux-gcc -c -g -O2  conftest.c >&5
configure:4155: $? = 0
configure:4155: result: yes
configure:4155: checking netinet/tcp.h presence
configure:4155: arm-linux-gcc -E  conftest.c
configure:4155: $? = 0
configure:4155: result: yes
configure:4155: checking for netinet/tcp.h
configure:4155: result: yes
configure:4155: checking arpa/inet.h usability
configure:4155: arm-linux-gcc -c -g -O2  conftest.c >&5
configure:4155: $? = 0
configure:4155: result: yes
configure:4155: checking arpa/inet.h presence
configure:4155: arm-linux-gcc -E  conftest.c
configure:4155: $? = 0
configure:4155: result: yes
configure:4155: checking for arpa/inet.h
configure:4155: result: yes
configure:4155: checking sys/wait.h usability
configure:4155: arm-linux-gcc -c -g -O2  conftest.c >&5
configure:4155: $? = 0
configure:4155: result: yes
configure:4155: checking sys/wait.h presence
configure:4155: arm-linux-gcc -E  conftest.c
configure:4155: $? = 0
configure:4155: result: yes
configure:4155: checking for sys/wait.h
configure:4155: result: yes
configure:4169: checking for pread
configure:4169: arm-linux-gcc -o conftest -g -O2   conftest.c  >&5
configure:4169: $? = 0
configure:4169: result: yes
configure:4169: checking for pwrite
configure:4169: arm-linux-gcc -o conftest -g -O2   conftest.c  >&5
configure:4169: $? = 0
configure:4169: result: yes
configure:4169: checking for pread64
configure:4169: arm-linux-gcc -o conftest -g -O2   conftest.c  >&5
configure:4169: $? = 0
configure:4169: result: yes
configure:4182: checking for memmem
configure:4182: arm-linux-gcc -o conftest -g -O2   conftest.c  >&5
configure:4182: $? = 0
configure:4182: result: yes
configure:4182: checking for vasprintf
configure:4182: arm-linux-gcc -o conftest -g -O2   conftest.c  >&5
configure:4182: $? = 0
configure:4182: result: yes
configure:4182: checking for vsnprintf
configure:4182: arm-linux-gcc -o conftest -g -O2   conftest.c  >&5
conftest.c:77: warning: conflicting types for built-in function 'vsnprintf'
configure:4182: $? = 0
configure:4182: result: yes
configure:4248: checking for ust
configure:4264: arm-linux-gcc -c -g -O2   conftest.c >&5
conftest.c:57:21: ust/ust.h: No such file or directory
configure:4264: $? = 1
configure: failed program was:
| /* confdefs.h */
| #define PACKAGE_NAME ""
| #define PACKAGE_TARNAME ""
| #define PACKAGE_VERSION ""
| #define PACKAGE_STRING ""
| #define PACKAGE_BUGREPORT ""
| #define PACKAGE_URL ""
| #define STDC_HEADERS 1
| #define HAVE_SYS_TYPES_H 1
| #define HAVE_SYS_STAT_H 1
| #define HAVE_STDLIB_H 1
| #define HAVE_STRING_H 1
| #define HAVE_MEMORY_H 1
| #define HAVE_STRINGS_H 1
| #define HAVE_INTTYPES_H 1
| #define HAVE_STDINT_H 1
| #define HAVE_UNISTD_H 1
| #define __EXTENSIONS__ 1
| #define _ALL_SOURCE 1
| #define _GNU_SOURCE 1
| #define _POSIX_PTHREAD_SEMANTICS 1
| #define _TANDEM_SOURCE 1
| #define STDC_HEADERS 1
| #define HAVE_DIRENT_H 1
| #define HAVE_ALLOCA_H 1
| #define HAVE_ALLOCA 1
| #define HAVE_SGTTY_H 1
| #define HAVE_TERMIO_H 1
| #define HAVE_TERMIOS_H 1
| #define HAVE_STRING_H 1
| #define HAVE_SYS_PROCFS_H 1
| #define HAVE_THREAD_DB_H 1
| #define HAVE_LINUX_ELF_H 1
| #define HAVE_STDLIB_H 1
| #define HAVE_UNISTD_H 1
| #define HAVE_ERRNO_H 1
| #define HAVE_FCNTL_H 1
| #define HAVE_SIGNAL_H 1
| #define HAVE_SYS_FILE_H 1
| #define HAVE_MALLOC_H 1
| #define HAVE_SYS_IOCTL_H 1
| #define HAVE_NETINET_IN_H 1
| #define HAVE_SYS_SOCKET_H 1
| #define HAVE_NETDB_H 1
| #define HAVE_NETINET_TCP_H 1
| #define HAVE_ARPA_INET_H 1
| #define HAVE_SYS_WAIT_H 1
| #define HAVE_PREAD 1
| #define HAVE_PWRITE 1
| #define HAVE_PREAD64 1
| #define HAVE_MEMMEM 1
| #define HAVE_VASPRINTF 1
| #define HAVE_VSNPRINTF 1
| /* end confdefs.h.  */
| 
| #define CONFIG_UST_GDB_INTEGRATION
| #include <ust/ust.h>
| 
| int
| main ()
| {
| 
|   ;
|   return 0;
| }
configure:4270: result: no
configure:4307: checking compiler warning flags
configure:4328: arm-linux-gcc -c -g -O2 -Wall  conftest.c >&5
configure:4328: $? = 0
configure:4328: arm-linux-gcc -c -g -O2 -Wdeclaration-after-statement  conftest.c >&5
configure:4328: $? = 0
configure:4328: arm-linux-gcc -c -g -O2 -Wpointer-arith  conftest.c >&5
configure:4328: $? = 0
configure:4328: arm-linux-gcc -c -g -O2 -Wformat-nonliteral  conftest.c >&5
cc1: warning: -Wformat-nonliteral ignored without -Wformat
configure:4328: $? = 0
configure:4328: arm-linux-gcc -c -g -O2 -Wno-char-subscripts  conftest.c >&5
configure:4328: $? = 0
configure:4335: result:  -Wall -Wdeclaration-after-statement -Wpointer-arith -Wformat-nonliteral -Wno-char-subscripts -Werror
configure:4345: checking for dladdr
configure:4345: arm-linux-gcc -o conftest -g -O2   conftest.c  -ldl >&5
configure:4345: $? = 0
configure:4345: result: yes
configure:4357: checking for errno
configure:4373: arm-linux-gcc -o conftest -g -O2   conftest.c  >&5
configure:4373: $? = 0
configure:4374: result: yes - in errno.h
configure:4411: checking whether strerror is declared
configure:4411: arm-linux-gcc -c -g -O2  conftest.c >&5
configure:4411: $? = 0
configure:4411: result: yes
configure:4421: checking whether perror is declared
configure:4421: arm-linux-gcc -c -g -O2  conftest.c >&5
configure:4421: $? = 0
configure:4421: result: yes
configure:4431: checking whether memmem is declared
configure:4431: arm-linux-gcc -c -g -O2  conftest.c >&5
configure:4431: $? = 0
configure:4431: result: yes
configure:4441: checking whether vasprintf is declared
configure:4441: arm-linux-gcc -c -g -O2  conftest.c >&5
configure:4441: $? = 0
configure:4441: result: yes
configure:4451: checking whether vsnprintf is declared
configure:4451: arm-linux-gcc -c -g -O2  conftest.c >&5
configure:4451: $? = 0
configure:4451: result: yes
configure:4463: checking for socklen_t
configure:4463: arm-linux-gcc -c -g -O2  conftest.c >&5
configure:4463: $? = 0
configure:4463: arm-linux-gcc -c -g -O2  conftest.c >&5
conftest.c: In function `main':
conftest.c:69: error: syntax error before ')' token
configure:4463: $? = 1
configure: failed program was:
| /* confdefs.h */
| #define PACKAGE_NAME ""
| #define PACKAGE_TARNAME ""
| #define PACKAGE_VERSION ""
| #define PACKAGE_STRING ""
| #define PACKAGE_BUGREPORT ""
| #define PACKAGE_URL ""
| #define STDC_HEADERS 1
| #define HAVE_SYS_TYPES_H 1
| #define HAVE_SYS_STAT_H 1
| #define HAVE_STDLIB_H 1
| #define HAVE_STRING_H 1
| #define HAVE_MEMORY_H 1
| #define HAVE_STRINGS_H 1
| #define HAVE_INTTYPES_H 1
| #define HAVE_STDINT_H 1
| #define HAVE_UNISTD_H 1
| #define __EXTENSIONS__ 1
| #define _ALL_SOURCE 1
| #define _GNU_SOURCE 1
| #define _POSIX_PTHREAD_SEMANTICS 1
| #define _TANDEM_SOURCE 1
| #define STDC_HEADERS 1
| #define HAVE_DIRENT_H 1
| #define HAVE_ALLOCA_H 1
| #define HAVE_ALLOCA 1
| #define HAVE_SGTTY_H 1
| #define HAVE_TERMIO_H 1
| #define HAVE_TERMIOS_H 1
| #define HAVE_STRING_H 1
| #define HAVE_SYS_PROCFS_H 1
| #define HAVE_THREAD_DB_H 1
| #define HAVE_LINUX_ELF_H 1
| #define HAVE_STDLIB_H 1
| #define HAVE_UNISTD_H 1
| #define HAVE_ERRNO_H 1
| #define HAVE_FCNTL_H 1
| #define HAVE_SIGNAL_H 1
| #define HAVE_SYS_FILE_H 1
| #define HAVE_MALLOC_H 1
| #define HAVE_SYS_IOCTL_H 1
| #define HAVE_NETINET_IN_H 1
| #define HAVE_SYS_SOCKET_H 1
| #define HAVE_NETDB_H 1
| #define HAVE_NETINET_TCP_H 1
| #define HAVE_ARPA_INET_H 1
| #define HAVE_SYS_WAIT_H 1
| #define HAVE_PREAD 1
| #define HAVE_PWRITE 1
| #define HAVE_PREAD64 1
| #define HAVE_MEMMEM 1
| #define HAVE_VASPRINTF 1
| #define HAVE_VSNPRINTF 1
| #define HAVE_DLADDR 1
| #define HAVE_ERRNO 1
| #define HAVE_DECL_STRERROR 1
| #define HAVE_DECL_PERROR 1
| #define HAVE_DECL_MEMMEM 1
| #define HAVE_DECL_VASPRINTF 1
| #define HAVE_DECL_VSNPRINTF 1
| /* end confdefs.h.  */
| #include <sys/types.h>
| #include <sys/socket.h>
| 
| 
| int
| main ()
| {
| if (sizeof ((socklen_t)))
| 	    return 0;
|   ;
|   return 0;
| }
configure:4463: result: yes
configure:4625: checking for PTRACE_GETREGS
configure:4641: arm-linux-gcc -c -g -O2  conftest.c >&5
configure:4641: $? = 0
configure:4649: result: yes
configure:4657: checking for PTRACE_GETFPXREGS
configure:4673: arm-linux-gcc -c -g -O2  conftest.c >&5
configure:4673: $? = 0
configure:4681: result: yes
configure:4691: checking for lwpid_t in sys/procfs.h
configure:4711: arm-linux-gcc -c -g -O2  conftest.c >&5
configure:4711: $? = 0
configure:4725: result: yes
configure:4728: checking for psaddr_t in sys/procfs.h
configure:4748: arm-linux-gcc -c -g -O2  conftest.c >&5
configure:4748: $? = 0
configure:4762: result: yes
configure:4765: checking for prgregset_t in sys/procfs.h
configure:4785: arm-linux-gcc -c -g -O2  conftest.c >&5
configure:4785: $? = 0
configure:4799: result: yes
configure:4802: checking for elf_fpregset_t in sys/procfs.h
configure:4822: arm-linux-gcc -c -g -O2  conftest.c >&5
configure:4822: $? = 0
configure:4836: result: yes
configure:4842: checking for dlopen in -ldl
configure:4867: arm-linux-gcc -o conftest -g -O2   conftest.c -ldl   >&5
configure:4867: $? = 0
configure:4876: result: yes
configure:4896: checking for the dynamic export flag
configure:4914: arm-linux-gcc -o conftest -g -O2   -Wl,--dynamic-list=./proc-service.list conftest.c  >&5
/work/tools/gcc-3.4.5-glibc-2.3.6/lib/gcc/arm-linux/3.4.5/../../../../arm-linux/bin/ld: unrecognized option '--dynamic-list=./proc-service.list'
/work/tools/gcc-3.4.5-glibc-2.3.6/lib/gcc/arm-linux/3.4.5/../../../../arm-linux/bin/ld: use the --help option for usage information
collect2: ld returned 1 exit status
configure:4914: $? = 1
configure: failed program was:
| /* confdefs.h */
| #define PACKAGE_NAME ""
| #define PACKAGE_TARNAME ""
| #define PACKAGE_VERSION ""
| #define PACKAGE_STRING ""
| #define PACKAGE_BUGREPORT ""
| #define PACKAGE_URL ""
| #define STDC_HEADERS 1
| #define HAVE_SYS_TYPES_H 1
| #define HAVE_SYS_STAT_H 1
| #define HAVE_STDLIB_H 1
| #define HAVE_STRING_H 1
| #define HAVE_MEMORY_H 1
| #define HAVE_STRINGS_H 1
| #define HAVE_INTTYPES_H 1
| #define HAVE_STDINT_H 1
| #define HAVE_UNISTD_H 1
| #define __EXTENSIONS__ 1
| #define _ALL_SOURCE 1
| #define _GNU_SOURCE 1
| #define _POSIX_PTHREAD_SEMANTICS 1
| #define _TANDEM_SOURCE 1
| #define STDC_HEADERS 1
| #define HAVE_DIRENT_H 1
| #define HAVE_ALLOCA_H 1
| #define HAVE_ALLOCA 1
| #define HAVE_SGTTY_H 1
| #define HAVE_TERMIO_H 1
| #define HAVE_TERMIOS_H 1
| #define HAVE_STRING_H 1
| #define HAVE_SYS_PROCFS_H 1
| #define HAVE_THREAD_DB_H 1
| #define HAVE_LINUX_ELF_H 1
| #define HAVE_STDLIB_H 1
| #define HAVE_UNISTD_H 1
| #define HAVE_ERRNO_H 1
| #define HAVE_FCNTL_H 1
| #define HAVE_SIGNAL_H 1
| #define HAVE_SYS_FILE_H 1
| #define HAVE_MALLOC_H 1
| #define HAVE_SYS_IOCTL_H 1
| #define HAVE_NETINET_IN_H 1
| #define HAVE_SYS_SOCKET_H 1
| #define HAVE_NETDB_H 1
| #define HAVE_NETINET_TCP_H 1
| #define HAVE_ARPA_INET_H 1
| #define HAVE_SYS_WAIT_H 1
| #define HAVE_PREAD 1
| #define HAVE_PWRITE 1
| #define HAVE_PREAD64 1
| #define HAVE_MEMMEM 1
| #define HAVE_VASPRINTF 1
| #define HAVE_VSNPRINTF 1
| #define HAVE_DLADDR 1
| #define HAVE_ERRNO 1
| #define HAVE_DECL_STRERROR 1
| #define HAVE_DECL_PERROR 1
| #define HAVE_DECL_MEMMEM 1
| #define HAVE_DECL_VASPRINTF 1
| #define HAVE_DECL_VSNPRINTF 1
| #define HAVE_SOCKLEN_T 1
| #define PKGVERSION "(GDB) "
| #define REPORT_BUGS_TO "<http://www.gnu.org/software/gdb/bugs/>"
| #define HAVE_LINUX_USRREGS 1
| #define HAVE_LINUX_REGSETS 1
| #define HAVE_PTRACE_GETREGS 1
| #define HAVE_PTRACE_GETFPXREGS 1
| #define HAVE_LWPID_T 1
| #define HAVE_PSADDR_T 1
| #define HAVE_PRGREGSET_T 1
| #define HAVE_ELF_FPREGSET_T 1
| #define HAVE_LIBDL 1
| /* end confdefs.h.  */
| 
| int
| main ()
| {
| 
|   ;
|   return 0;
| }
configure:4931: arm-linux-gcc -o conftest -g -O2   -rdynamic conftest.c  >&5
configure:4931: $? = 0
configure:4944: result: -rdynamic
configure:4952: checking for TD_VERSION
configure:4968: arm-linux-gcc -c -g -O2  conftest.c >&5
configure:4968: $? = 0
configure:4975: result: yes
configure:5015: checking whether the target supports __sync_*_compare_and_swap
configure:5032: arm-linux-gcc -o conftest -g -O2   conftest.c  >&5
/tmp/ccSmfRlb.o(.text+0x14): In function `main':
/home/book/workspace/2_driver/34_debug_app_with_gdb_gdbserver/gdb-7.4/gdb/gdbserver/conftest.c:80: undefined reference to `__sync_val_compare_and_swap'
collect2: ld returned 1 exit status
configure:5032: $? = 1
configure: failed program was:
| /* confdefs.h */
| #define PACKAGE_NAME ""
| #define PACKAGE_TARNAME ""
| #define PACKAGE_VERSION ""
| #define PACKAGE_STRING ""
| #define PACKAGE_BUGREPORT ""
| #define PACKAGE_URL ""
| #define STDC_HEADERS 1
| #define HAVE_SYS_TYPES_H 1
| #define HAVE_SYS_STAT_H 1
| #define HAVE_STDLIB_H 1
| #define HAVE_STRING_H 1
| #define HAVE_MEMORY_H 1
| #define HAVE_STRINGS_H 1
| #define HAVE_INTTYPES_H 1
| #define HAVE_STDINT_H 1
| #define HAVE_UNISTD_H 1
| #define __EXTENSIONS__ 1
| #define _ALL_SOURCE 1
| #define _GNU_SOURCE 1
| #define _POSIX_PTHREAD_SEMANTICS 1
| #define _TANDEM_SOURCE 1
| #define STDC_HEADERS 1
| #define HAVE_DIRENT_H 1
| #define HAVE_ALLOCA_H 1
| #define HAVE_ALLOCA 1
| #define HAVE_SGTTY_H 1
| #define HAVE_TERMIO_H 1
| #define HAVE_TERMIOS_H 1
| #define HAVE_STRING_H 1
| #define HAVE_SYS_PROCFS_H 1
| #define HAVE_THREAD_DB_H 1
| #define HAVE_LINUX_ELF_H 1
| #define HAVE_STDLIB_H 1
| #define HAVE_UNISTD_H 1
| #define HAVE_ERRNO_H 1
| #define HAVE_FCNTL_H 1
| #define HAVE_SIGNAL_H 1
| #define HAVE_SYS_FILE_H 1
| #define HAVE_MALLOC_H 1
| #define HAVE_SYS_IOCTL_H 1
| #define HAVE_NETINET_IN_H 1
| #define HAVE_SYS_SOCKET_H 1
| #define HAVE_NETDB_H 1
| #define HAVE_NETINET_TCP_H 1
| #define HAVE_ARPA_INET_H 1
| #define HAVE_SYS_WAIT_H 1
| #define HAVE_PREAD 1
| #define HAVE_PWRITE 1
| #define HAVE_PREAD64 1
| #define HAVE_MEMMEM 1
| #define HAVE_VASPRINTF 1
| #define HAVE_VSNPRINTF 1
| #define HAVE_DLADDR 1
| #define HAVE_ERRNO 1
| #define HAVE_DECL_STRERROR 1
| #define HAVE_DECL_PERROR 1
| #define HAVE_DECL_MEMMEM 1
| #define HAVE_DECL_VASPRINTF 1
| #define HAVE_DECL_VSNPRINTF 1
| #define HAVE_SOCKLEN_T 1
| #define PKGVERSION "(GDB) "
| #define REPORT_BUGS_TO "<http://www.gnu.org/software/gdb/bugs/>"
| #define HAVE_LINUX_USRREGS 1
| #define HAVE_LINUX_REGSETS 1
| #define HAVE_PTRACE_GETREGS 1
| #define HAVE_PTRACE_GETFPXREGS 1
| #define HAVE_LWPID_T 1
| #define HAVE_PSADDR_T 1
| #define HAVE_PRGREGSET_T 1
| #define HAVE_ELF_FPREGSET_T 1
| #define HAVE_LIBDL 1
| #define HAVE_TD_VERSION 1
| #define USE_XML 1
| /* end confdefs.h.  */
| 
| int
| main ()
| {
| int foo, bar; bar = __sync_val_compare_and_swap(&foo, 0, 1);
|   ;
|   return 0;
| }
configure:5040: result: no
configure:5061: arm-linux-gcc -c -g -O2 -fvisibility=hidden  conftest.c >&5
cc1: error: unrecognized command line option "-fvisibility=hidden"
configure:5061: $? = 1
configure: failed program was:
| /* confdefs.h */
| #define PACKAGE_NAME ""
| #define PACKAGE_TARNAME ""
| #define PACKAGE_VERSION ""
| #define PACKAGE_STRING ""
| #define PACKAGE_BUGREPORT ""
| #define PACKAGE_URL ""
| #define STDC_HEADERS 1
| #define HAVE_SYS_TYPES_H 1
| #define HAVE_SYS_STAT_H 1
| #define HAVE_STDLIB_H 1
| #define HAVE_STRING_H 1
| #define HAVE_MEMORY_H 1
| #define HAVE_STRINGS_H 1
| #define HAVE_INTTYPES_H 1
| #define HAVE_STDINT_H 1
| #define HAVE_UNISTD_H 1
| #define __EXTENSIONS__ 1
| #define _ALL_SOURCE 1
| #define _GNU_SOURCE 1
| #define _POSIX_PTHREAD_SEMANTICS 1
| #define _TANDEM_SOURCE 1
| #define STDC_HEADERS 1
| #define HAVE_DIRENT_H 1
| #define HAVE_ALLOCA_H 1
| #define HAVE_ALLOCA 1
| #define HAVE_SGTTY_H 1
| #define HAVE_TERMIO_H 1
| #define HAVE_TERMIOS_H 1
| #define HAVE_STRING_H 1
| #define HAVE_SYS_PROCFS_H 1
| #define HAVE_THREAD_DB_H 1
| #define HAVE_LINUX_ELF_H 1
| #define HAVE_STDLIB_H 1
| #define HAVE_UNISTD_H 1
| #define HAVE_ERRNO_H 1
| #define HAVE_FCNTL_H 1
| #define HAVE_SIGNAL_H 1
| #define HAVE_SYS_FILE_H 1
| #define HAVE_MALLOC_H 1
| #define HAVE_SYS_IOCTL_H 1
| #define HAVE_NETINET_IN_H 1
| #define HAVE_SYS_SOCKET_H 1
| #define HAVE_NETDB_H 1
| #define HAVE_NETINET_TCP_H 1
| #define HAVE_ARPA_INET_H 1
| #define HAVE_SYS_WAIT_H 1
| #define HAVE_PREAD 1
| #define HAVE_PWRITE 1
| #define HAVE_PREAD64 1
| #define HAVE_MEMMEM 1
| #define HAVE_VASPRINTF 1
| #define HAVE_VSNPRINTF 1
| #define HAVE_DLADDR 1
| #define HAVE_ERRNO 1
| #define HAVE_DECL_STRERROR 1
| #define HAVE_DECL_PERROR 1
| #define HAVE_DECL_MEMMEM 1
| #define HAVE_DECL_VASPRINTF 1
| #define HAVE_DECL_VSNPRINTF 1
| #define HAVE_SOCKLEN_T 1
| #define PKGVERSION "(GDB) "
| #define REPORT_BUGS_TO "<http://www.gnu.org/software/gdb/bugs/>"
| #define HAVE_LINUX_USRREGS 1
| #define HAVE_LINUX_REGSETS 1
| #define HAVE_PTRACE_GETREGS 1
| #define HAVE_PTRACE_GETFPXREGS 1
| #define HAVE_LWPID_T 1
| #define HAVE_PSADDR_T 1
| #define HAVE_PRGREGSET_T 1
| #define HAVE_ELF_FPREGSET_T 1
| #define HAVE_LIBDL 1
| #define HAVE_TD_VERSION 1
| #define USE_XML 1
| /* end confdefs.h.  */
| 
| int
| main ()
| {
| 
|   ;
|   return 0;
| }
configure:5069: checking whether ADDR_NO_RANDOMIZE is declared
configure:5069: arm-linux-gcc -c -g -O2  conftest.c >&5
conftest.c: In function `main':
conftest.c:85: error: `ADDR_NO_RANDOMIZE' undeclared (first use in this function)
conftest.c:85: error: (Each undeclared identifier is reported only once
conftest.c:85: error: for each function it appears in.)
configure:5069: $? = 1
configure: failed program was:
| /* confdefs.h */
| #define PACKAGE_NAME ""
| #define PACKAGE_TARNAME ""
| #define PACKAGE_VERSION ""
| #define PACKAGE_STRING ""
| #define PACKAGE_BUGREPORT ""
| #define PACKAGE_URL ""
| #define STDC_HEADERS 1
| #define HAVE_SYS_TYPES_H 1
| #define HAVE_SYS_STAT_H 1
| #define HAVE_STDLIB_H 1
| #define HAVE_STRING_H 1
| #define HAVE_MEMORY_H 1
| #define HAVE_STRINGS_H 1
| #define HAVE_INTTYPES_H 1
| #define HAVE_STDINT_H 1
| #define HAVE_UNISTD_H 1
| #define __EXTENSIONS__ 1
| #define _ALL_SOURCE 1
| #define _GNU_SOURCE 1
| #define _POSIX_PTHREAD_SEMANTICS 1
| #define _TANDEM_SOURCE 1
| #define STDC_HEADERS 1
| #define HAVE_DIRENT_H 1
| #define HAVE_ALLOCA_H 1
| #define HAVE_ALLOCA 1
| #define HAVE_SGTTY_H 1
| #define HAVE_TERMIO_H 1
| #define HAVE_TERMIOS_H 1
| #define HAVE_STRING_H 1
| #define HAVE_SYS_PROCFS_H 1
| #define HAVE_THREAD_DB_H 1
| #define HAVE_LINUX_ELF_H 1
| #define HAVE_STDLIB_H 1
| #define HAVE_UNISTD_H 1
| #define HAVE_ERRNO_H 1
| #define HAVE_FCNTL_H 1
| #define HAVE_SIGNAL_H 1
| #define HAVE_SYS_FILE_H 1
| #define HAVE_MALLOC_H 1
| #define HAVE_SYS_IOCTL_H 1
| #define HAVE_NETINET_IN_H 1
| #define HAVE_SYS_SOCKET_H 1
| #define HAVE_NETDB_H 1
| #define HAVE_NETINET_TCP_H 1
| #define HAVE_ARPA_INET_H 1
| #define HAVE_SYS_WAIT_H 1
| #define HAVE_PREAD 1
| #define HAVE_PWRITE 1
| #define HAVE_PREAD64 1
| #define HAVE_MEMMEM 1
| #define HAVE_VASPRINTF 1
| #define HAVE_VSNPRINTF 1
| #define HAVE_DLADDR 1
| #define HAVE_ERRNO 1
| #define HAVE_DECL_STRERROR 1
| #define HAVE_DECL_PERROR 1
| #define HAVE_DECL_MEMMEM 1
| #define HAVE_DECL_VASPRINTF 1
| #define HAVE_DECL_VSNPRINTF 1
| #define HAVE_SOCKLEN_T 1
| #define PKGVERSION "(GDB) "
| #define REPORT_BUGS_TO "<http://www.gnu.org/software/gdb/bugs/>"
| #define HAVE_LINUX_USRREGS 1
| #define HAVE_LINUX_REGSETS 1
| #define HAVE_PTRACE_GETREGS 1
| #define HAVE_PTRACE_GETFPXREGS 1
| #define HAVE_LWPID_T 1
| #define HAVE_PSADDR_T 1
| #define HAVE_PRGREGSET_T 1
| #define HAVE_ELF_FPREGSET_T 1
| #define HAVE_LIBDL 1
| #define HAVE_TD_VERSION 1
| #define USE_XML 1
| /* end confdefs.h.  */
| #include <sys/personality.h>
| 
| int
| main ()
| {
| #ifndef ADDR_NO_RANDOMIZE
| #ifdef __cplusplus
|   (void) ADDR_NO_RANDOMIZE;
| #else
|   (void) ADDR_NO_RANDOMIZE;
| #endif
| #endif
| 
|   ;
|   return 0;
| }
configure:5069: result: no
configure:5101: arm-linux-gcc -o conftest -g -O2   conftest.c  >&5
configure:5101: $? = 0
configure:5291: creating ./config.status

## ---------------------- ##
## Running config.status. ##
## ---------------------- ##

This file was extended by config.status, which was
generated by GNU Autoconf 2.64.  Invocation command line was

  CONFIG_FILES    = 
  CONFIG_HEADERS  = 
  CONFIG_LINKS    = 
  CONFIG_COMMANDS = 
  $ ./config.status 

on book-desktop

config.status:895: creating Makefile
config.status:895: creating config.h
config.status:1075: executing default commands

## ---------------- ##
## Cache variables. ##
## ---------------- ##

ac_cv_build=i686-pc-linux-gnu
ac_cv_c_compiler_gnu=yes
ac_cv_env_CC_set=
ac_cv_env_CC_value=
ac_cv_env_CFLAGS_set=
ac_cv_env_CFLAGS_value=
ac_cv_env_CPPFLAGS_set=
ac_cv_env_CPPFLAGS_value=
ac_cv_env_CPP_set=
ac_cv_env_CPP_value=
ac_cv_env_LDFLAGS_set=
ac_cv_env_LDFLAGS_value=
ac_cv_env_LIBS_set=
ac_cv_env_LIBS_value=
ac_cv_env_build_alias_set=
ac_cv_env_build_alias_value=
ac_cv_env_host_alias_set=set
ac_cv_env_host_alias_value=arm-linux
ac_cv_env_target_alias_set=
ac_cv_env_target_alias_value=
ac_cv_func_alloca_works=yes
ac_cv_func_dladdr=yes
ac_cv_func_memmem=yes
ac_cv_func_pread64=yes
ac_cv_func_pread=yes
ac_cv_func_pwrite=yes
ac_cv_func_vasprintf=yes
ac_cv_func_vsnprintf=yes
ac_cv_have_decl_ADDR_NO_RANDOMIZE=no
ac_cv_have_decl_memmem=yes
ac_cv_have_decl_perror=yes
ac_cv_have_decl_strerror=yes
ac_cv_have_decl_vasprintf=yes
ac_cv_have_decl_vsnprintf=yes
ac_cv_header_arpa_inet_h=yes
ac_cv_header_dirent_dirent_h=yes
ac_cv_header_errno_h=yes
ac_cv_header_fcntl_h=yes
ac_cv_header_inttypes_h=yes
ac_cv_header_linux_elf_h=yes
ac_cv_header_malloc_h=yes
ac_cv_header_memory_h=yes
ac_cv_header_minix_config_h=no
ac_cv_header_netdb_h=yes
ac_cv_header_netinet_in_h=yes
ac_cv_header_netinet_tcp_h=yes
ac_cv_header_proc_service_h=no
ac_cv_header_sgtty_h=yes
ac_cv_header_signal_h=yes
ac_cv_header_stdc=yes
ac_cv_header_stdint_h=yes
ac_cv_header_stdlib_h=yes
ac_cv_header_string_h=yes
ac_cv_header_strings_h=yes
ac_cv_header_sys_file_h=yes
ac_cv_header_sys_ioctl_h=yes
ac_cv_header_sys_procfs_h=yes
ac_cv_header_sys_reg_h=no
ac_cv_header_sys_socket_h=yes
ac_cv_header_sys_stat_h=yes
ac_cv_header_sys_types_h=yes
ac_cv_header_sys_wait_h=yes
ac_cv_header_termio_h=yes
ac_cv_header_termios_h=yes
ac_cv_header_thread_db_h=yes
ac_cv_header_unistd_h=yes
ac_cv_host=arm-unknown-linux-gnu
ac_cv_lib_dl_dlopen=yes
ac_cv_objext=o
ac_cv_path_EGREP='/bin/grep -E'
ac_cv_path_GREP=/bin/grep
ac_cv_path_install='/usr/bin/install -c'
ac_cv_prog_CC=arm-linux-gcc
ac_cv_prog_CPP='arm-linux-gcc -E'
ac_cv_prog_cc_c89=
ac_cv_prog_cc_g=yes
ac_cv_safe_to_define___extensions__=yes
ac_cv_search_opendir='none required'
ac_cv_target=arm-unknown-linux-gnu
ac_cv_type_socklen_t=yes
ac_cv_working_alloca_h=yes
bfd_cv_have_sys_procfs_type_elf_fpregset_t=yes
bfd_cv_have_sys_procfs_type_lwpid_t=yes
bfd_cv_have_sys_procfs_type_prgregset_t=yes
bfd_cv_have_sys_procfs_type_psaddr_t=yes
gdbsrv_cv_have_personality=true
gdbsrv_cv_have_ptrace_getfpxregs=yes
gdbsrv_cv_have_ptrace_getregs=yes
gdbsrv_cv_have_sync_builtins=no
gdbsrv_cv_have_td_version=yes
gdbsrv_cv_have_visibility_hidden=no

## ----------------- ##
## Output variables. ##
## ----------------- ##

ALLOCA=''
CC='arm-linux-gcc'
CFLAGS='-g -O2'
CPP='arm-linux-gcc -E'
CPPFLAGS=''
DEFS='-DHAVE_CONFIG_H'
ECHO_C=''
ECHO_N='-n'
ECHO_T=''
EGREP='/bin/grep -E'
EXEEXT=''
GDBSERVER_DEPFILES='reg-arm.o arm-with-iwmmxt.o arm-with-vfpv2.o arm-with-vfpv3.o arm-with-neon.o linux-low.o linux-osdata.o linux-arm-low.o linux-procfs.o hostio-errno.o thread-db.o proc-service.o'
GDBSERVER_LIBS='-ldl'
GREP='/bin/grep'
INSTALL_DATA='${INSTALL} -m 644'
INSTALL_PROGRAM='${INSTALL}'
INSTALL_SCRIPT='${INSTALL}'
IPA_DEPFILES=''
LDFLAGS=''
LIBOBJS=''
LIBS=''
LTLIBOBJS=''
OBJEXT='o'
PACKAGE_BUGREPORT=''
PACKAGE_NAME=''
PACKAGE_STRING=''
PACKAGE_TARNAME=''
PACKAGE_URL=''
PACKAGE_VERSION=''
PATH_SEPARATOR=':'
PKGVERSION='(GDB) '
RDYNAMIC='-rdynamic'
REPORT_BUGS_TEXI='@uref{http://www.gnu.org/software/gdb/bugs/}'
REPORT_BUGS_TO='<http://www.gnu.org/software/gdb/bugs/>'
SHELL='/bin/bash'
USE_THREAD_DB='-DUSE_THREAD_DB'
WARN_CFLAGS=' -Wall -Wdeclaration-after-statement -Wpointer-arith -Wformat-nonliteral -Wno-char-subscripts'
WERROR_CFLAGS='-Werror'
ac_ct_CC=''
bindir='${exec_prefix}/bin'
build='i686-pc-linux-gnu'
build_alias=''
build_cpu='i686'
build_os='linux-gnu'
build_vendor='pc'
datadir='${datarootdir}'
datarootdir='${prefix}/share'
docdir='${datarootdir}/doc/${PACKAGE}'
dvidir='${docdir}'
exec_prefix='${prefix}'
extra_libraries=''
host='arm-unknown-linux-gnu'
host_alias='arm-linux'
host_cpu='arm'
host_os='linux-gnu'
host_vendor='unknown'
htmldir='${docdir}'
includedir='${prefix}/include'
infodir='${datarootdir}/info'
libdir='${exec_prefix}/lib'
libexecdir='${exec_prefix}/libexec'
localedir='${datarootdir}/locale'
localstatedir='${prefix}/var'
mandir='${datarootdir}/man'
oldincludedir='/usr/include'
pdfdir='${docdir}'
prefix='/usr/local'
program_transform_name='s,x,x,'
psdir='${docdir}'
sbindir='${exec_prefix}/sbin'
sharedstatedir='${prefix}/com'
srv_xmlbuiltin='xml-builtin.o'
srv_xmlfiles=' $(XML_DIR)/arm-with-iwmmxt.xml $(XML_DIR)/arm-with-vfpv2.xml $(XML_DIR)/arm-with-vfpv3.xml $(XML_DIR)/arm-with-neon.xml $(XML_DIR)/arm-core.xml $(XML_DIR)/xscale-iwmmxt.xml $(XML_DIR)/arm-vfpv2.xml $(XML_DIR)/arm-vfpv3.xml'
sysconfdir='${prefix}/etc'
target='arm-unknown-linux-gnu'
target_alias=''
target_cpu='arm'
target_os='linux-gnu'
target_vendor='unknown'
ustinc=''
ustlibs=''

## ----------- ##
## confdefs.h. ##
## ----------- ##

/* confdefs.h */
#define PACKAGE_NAME ""
#define PACKAGE_TARNAME ""
#define PACKAGE_VERSION ""
#define PACKAGE_STRING ""
#define PACKAGE_BUGREPORT ""
#define PACKAGE_URL ""
#define STDC_HEADERS 1
#define HAVE_SYS_TYPES_H 1
#define HAVE_SYS_STAT_H 1
#define HAVE_STDLIB_H 1
#define HAVE_STRING_H 1
#define HAVE_MEMORY_H 1
#define HAVE_STRINGS_H 1
#define HAVE_INTTYPES_H 1
#define HAVE_STDINT_H 1
#define HAVE_UNISTD_H 1
#define __EXTENSIONS__ 1
#define _ALL_SOURCE 1
#define _GNU_SOURCE 1
#define _POSIX_PTHREAD_SEMANTICS 1
#define _TANDEM_SOURCE 1
#define STDC_HEADERS 1
#define HAVE_DIRENT_H 1
#define HAVE_ALLOCA_H 1
#define HAVE_ALLOCA 1
#define HAVE_SGTTY_H 1
#define HAVE_TERMIO_H 1
#define HAVE_TERMIOS_H 1
#define HAVE_STRING_H 1
#define HAVE_SYS_PROCFS_H 1
#define HAVE_THREAD_DB_H 1
#define HAVE_LINUX_ELF_H 1
#define HAVE_STDLIB_H 1
#define HAVE_UNISTD_H 1
#define HAVE_ERRNO_H 1
#define HAVE_FCNTL_H 1
#define HAVE_SIGNAL_H 1
#define HAVE_SYS_FILE_H 1
#define HAVE_MALLOC_H 1
#define HAVE_SYS_IOCTL_H 1
#define HAVE_NETINET_IN_H 1
#define HAVE_SYS_SOCKET_H 1
#define HAVE_NETDB_H 1
#define HAVE_NETINET_TCP_H 1
#define HAVE_ARPA_INET_H 1
#define HAVE_SYS_WAIT_H 1
#define HAVE_PREAD 1
#define HAVE_PWRITE 1
#define HAVE_PREAD64 1
#define HAVE_MEMMEM 1
#define HAVE_VASPRINTF 1
#define HAVE_VSNPRINTF 1
#define HAVE_DLADDR 1
#define HAVE_ERRNO 1
#define HAVE_DECL_STRERROR 1
#define HAVE_DECL_PERROR 1
#define HAVE_DECL_MEMMEM 1
#define HAVE_DECL_VASPRINTF 1
#define HAVE_DECL_VSNPRINTF 1
#define HAVE_SOCKLEN_T 1
#define PKGVERSION "(GDB) "
#define REPORT_BUGS_TO "<http://www.gnu.org/software/gdb/bugs/>"
#define HAVE_LINUX_USRREGS 1
#define HAVE_LINUX_REGSETS 1
#define HAVE_PTRACE_GETREGS 1
#define HAVE_PTRACE_GETFPXREGS 1
#define HAVE_LWPID_T 1
#define HAVE_PSADDR_T 1
#define HAVE_PRGREGSET_T 1
#define HAVE_ELF_FPREGSET_T 1
#define HAVE_LIBDL 1
#define HAVE_TD_VERSION 1
#define USE_XML 1
#define HAVE_DECL_ADDR_NO_RANDOMIZE 0
#define HAVE_PERSONALITY 1

configure: exit 0

## ---------------------- ##
## Running config.status. ##
## ---------------------- ##

This file was extended by config.status, which was
generated by GNU Autoconf 2.64.  Invocation command line was

  CONFIG_FILES    = 
  CONFIG_HEADERS  = config.h:config.in
  CONFIG_LINKS    = 
  CONFIG_COMMANDS = 
  $ ./config.status 

on book-desktop

config.status:: creating config.h
config.status:: config.h is unchanged
config.status:: executing default commands
