This file contains any messages produced by compilers while
running configure, to aid debugging if configure makes a mistake.

It was created by configure, which was
generated by GNU Autoconf 2.64.  Invocation command line was

  $ ./configure --target=arm-linux prefix=/home/book/workspace/2_driver/34_debug_app_with_gdb_gdbsever/gdb-7.4/tmp

## --------- ##
## Platform. ##
## --------- ##

hostname = book-desktop
uname -m = i686
uname -r = 2.6.31-14-generic
uname -s = Linux
uname -v = #48-Ubuntu SMP Fri Oct 16 14:04:26 UTC 2009

/usr/bin/uname -p = unknown
/bin/uname -X     = unknown

/bin/arch              = unknown
/usr/bin/arch -k       = unknown
/usr/convex/getsysinfo = unknown
/usr/bin/hostinfo      = unknown
/bin/machine           = unknown
/usr/bin/oslevel       = unknown
/bin/universe          = unknown

PATH: /usr/local/sbin
PATH: /usr/local/bin
PATH: /usr/sbin
PATH: /usr/bin
PATH: /sbin
PATH: /bin
PATH: /usr/games
PATH: /work/tools/gcc-3.4.5-glibc-2.3.6/bin


## ----------- ##
## Core tests. ##
## ----------- ##

configure:2237: checking build system type
configure:2251: result: i686-pc-linux-gnu
configure:2298: checking host system type
configure:2311: result: i686-pc-linux-gnu
configure:2331: checking target system type
configure:2344: result: arm-unknown-linux-gnu
configure:2398: checking for a BSD-compatible install
configure:2466: result: /usr/bin/install -c
configure:2477: checking whether ln works
configure:2499: result: yes
configure:2503: checking whether ln -s works
configure:2507: result: yes
configure:2514: checking for a sed that does not truncate output
configure:2578: result: /bin/sed
configure:2587: checking for gawk
configure:2617: result: no
configure:2587: checking for mawk
configure:2603: found /usr/bin/mawk
configure:2614: result: mawk
configure:3773: checking for gcc
configure:3789: found /usr/bin/gcc
configure:3800: result: gcc
configure:4029: checking for C compiler version
configure:4038: gcc --version >&5
gcc (Ubuntu 4.4.1-4ubuntu8) 4.4.1
Copyright (C) 2009 Free Software Foundation, Inc.
This is free software; see the source for copying conditions.  There is NO
warranty; not even for MERCHANTABILITY or FITNESS FOR A PARTICULAR PURPOSE.

configure:4049: $? = 0
configure:4038: gcc -v >&5
Using built-in specs.
Target: i486-linux-gnu
Configured with: ../src/configure -v --with-pkgversion='Ubuntu 4.4.1-4ubuntu8' --with-bugurl=file:///usr/share/doc/gcc-4.4/README.Bugs --enable-languages=c,c++,fortran,objc,obj-c++ --prefix=/usr --enable-shared --enable-multiarch --enable-linker-build-id --with-system-zlib --libexecdir=/usr/lib --without-included-gettext --enable-threads=posix --with-gxx-include-dir=/usr/include/c++/4.4 --program-suffix=-4.4 --enable-nls --enable-clocale=gnu --enable-libstdcxx-debug --enable-objc-gc --enable-targets=all --disable-werror --with-arch-32=i486 --with-tune=generic --enable-checking=release --build=i486-linux-gnu --host=i486-linux-gnu --target=i486-linux-gnu
Thread model: posix
gcc version 4.4.1 (Ubuntu 4.4.1-4ubuntu8) 
configure:4049: $? = 0
configure:4038: gcc -V >&5
gcc: '-V' option must have argument
configure:4049: $? = 1
configure:4038: gcc -qversion >&5
gcc: unrecognized option '-qversion'
gcc: no input files
configure:4049: $? = 1
configure:4069: checking for C compiler default output file name
configure:4091: gcc    conftest.c  >&5
configure:4095: $? = 0
configure:4132: result: a.out
configure:4148: checking whether the C compiler works
configure:4157: ./a.out
configure:4161: $? = 0
configure:4176: result: yes
configure:4183: checking whether we are cross compiling
configure:4185: result: no
configure:4188: checking for suffix of executables
configure:4195: gcc -o conftest    conftest.c  >&5
configure:4199: $? = 0
configure:4221: result: 
configure:4227: checking for suffix of object files
configure:4249: gcc -c   conftest.c >&5
configure:4253: $? = 0
configure:4274: result: o
configure:4278: checking whether we are using the GNU C compiler
configure:4297: gcc -c   conftest.c >&5
configure:4297: $? = 0
configure:4306: result: yes
configure:4315: checking whether gcc accepts -g
configure:4335: gcc -c -g  conftest.c >&5
configure:4335: $? = 0
configure:4376: result: yes
configure:4393: checking for gcc option to accept ISO C89
configure:4457: gcc  -c -g -O2  conftest.c >&5
configure:4457: $? = 0
configure:4470: result: none needed
configure:4548: checking for g++
configure:4564: found /usr/bin/g++
configure:4575: result: g++
configure:4602: checking for C++ compiler version
configure:4611: g++ --version >&5
g++ (Ubuntu 4.4.1-4ubuntu8) 4.4.1
Copyright (C) 2009 Free Software Foundation, Inc.
This is free software; see the source for copying conditions.  There is NO
warranty; not even for MERCHANTABILITY or FITNESS FOR A PARTICULAR PURPOSE.

configure:4622: $? = 0
configure:4611: g++ -v >&5
Using built-in specs.
Target: i486-linux-gnu
Configured with: ../src/configure -v --with-pkgversion='Ubuntu 4.4.1-4ubuntu8' --with-bugurl=file:///usr/share/doc/gcc-4.4/README.Bugs --enable-languages=c,c++,fortran,objc,obj-c++ --prefix=/usr --enable-shared --enable-multiarch --enable-linker-build-id --with-system-zlib --libexecdir=/usr/lib --without-included-gettext --enable-threads=posix --with-gxx-include-dir=/usr/include/c++/4.4 --program-suffix=-4.4 --enable-nls --enable-clocale=gnu --enable-libstdcxx-debug --enable-objc-gc --enable-targets=all --disable-werror --with-arch-32=i486 --with-tune=generic --enable-checking=release --build=i486-linux-gnu --host=i486-linux-gnu --target=i486-linux-gnu
Thread model: posix
gcc version 4.4.1 (Ubuntu 4.4.1-4ubuntu8) 
configure:4622: $? = 0
configure:4611: g++ -V >&5
g++: '-V' option must have argument
configure:4622: $? = 1
configure:4611: g++ -qversion >&5
g++: unrecognized option '-qversion'
g++: no input files
configure:4622: $? = 1
configure:4626: checking whether we are using the GNU C++ compiler
configure:4645: g++ -c   conftest.cpp >&5
configure:4645: $? = 0
configure:4654: result: yes
configure:4663: checking whether g++ accepts -g
configure:4683: g++ -c -g  conftest.cpp >&5
configure:4683: $? = 0
configure:4724: result: yes
configure:4813: checking for gnatbind
configure:4843: result: no
configure:4905: checking for gnatmake
configure:4935: result: no
configure:4954: checking whether compiler driver understands Ada
configure:4977: result: no
configure:4986: checking how to compare bootstrapped objects
configure:5011: result: cmp --ignore-initial=16 $$f1 $$f2
configure:5083: checking for objdir
configure:5098: result: .libs
configure:5640: checking for PWL_handle_timeout in -lpwl
configure:5665: gcc -o conftest -g -O2   conftest.c -lpwl    -lstdc++ -lm >&5
/usr/bin/ld: cannot find -lpwl
collect2: ld returned 1 exit status
configure:5665: $? = 1
configure: failed program was:
| /* confdefs.h */
| #define PACKAGE_NAME ""
| #define PACKAGE_TARNAME ""
| #define PACKAGE_VERSION ""
| #define PACKAGE_STRING ""
| #define PACKAGE_BUGREPORT ""
| #define PACKAGE_URL ""
| #define LT_OBJDIR ".libs/"
| /* end confdefs.h.  */
| 
| /* Override any GCC internal prototype to avoid an error.
|    Use char because int might match the return type of a GCC
|    builtin and then its argument prototype would still apply.  */
| #ifdef __cplusplus
| extern "C"
| #endif
| char PWL_handle_timeout ();
| int
| main ()
| {
| return PWL_handle_timeout ();
|   ;
|   return 0;
| }
configure:5674: result: no
configure:5688: checking for version 0.11 (revision 0 or later) of PPL
configure:5705: gcc -c -g -O2    conftest.c >&5
conftest.c:10:19: error: ppl_c.h: No such file or directory
conftest.c: In function 'main':
conftest.c:16: error: 'choke' undeclared (first use in this function)
conftest.c:16: error: (Each undeclared identifier is reported only once
conftest.c:16: error: for each function it appears in.)
conftest.c:16: error: expected ';' before 'me'
configure:5705: $? = 1
configure: failed program was:
| /* confdefs.h */
| #define PACKAGE_NAME ""
| #define PACKAGE_TARNAME ""
| #define PACKAGE_VERSION ""
| #define PACKAGE_STRING ""
| #define PACKAGE_BUGREPORT ""
| #define PACKAGE_URL ""
| #define LT_OBJDIR ".libs/"
| /* end confdefs.h.  */
| #include "ppl_c.h"
| int
| main ()
| {
| 
|     #if PPL_VERSION_MAJOR != 0 || PPL_VERSION_MINOR < 11
|     choke me
|     #endif
| 
|   ;
|   return 0;
| }
configure:5709: result: no
configure:7019: checking for default BUILD_CONFIG
configure:7051: result: 
configure:7540: checking for bison
configure:7556: found /usr/bin/bison
configure:7567: result: bison -y
configure:7587: checking for bison
configure:7603: found /usr/bin/bison
configure:7614: result: bison
configure:7634: checking for gm4
configure:7664: result: no
configure:7634: checking for gnum4
configure:7664: result: no
configure:7634: checking for m4
configure:7650: found /usr/bin/m4
configure:7661: result: m4
configure:7681: checking for flex
configure:7697: found /usr/bin/flex
configure:7708: result: flex
configure:7729: checking for flex
configure:7745: found /usr/bin/flex
configure:7756: result: flex
configure:7776: checking for makeinfo
configure:7792: found /usr/bin/makeinfo
configure:7803: result: makeinfo
configure:7837: checking for expect
configure:7867: result: no
configure:7886: checking for runtest
configure:7916: result: no
configure:8031: checking for ar
configure:8047: found /usr/bin/ar
configure:8058: result: ar
configure:8172: checking for as
configure:8188: found /usr/bin/as
configure:8199: result: as
configure:8313: checking for dlltool
configure:8343: result: no
configure:8454: checking for ld
configure:8470: found /usr/bin/ld
configure:8481: result: ld
configure:8595: checking for lipo
configure:8625: result: no
configure:8736: checking for nm
configure:8752: found /usr/bin/nm
configure:8763: result: nm
configure:8877: checking for ranlib
configure:8893: found /usr/bin/ranlib
configure:8904: result: ranlib
configure:9013: checking for strip
configure:9029: found /usr/bin/strip
configure:9040: result: strip
configure:9149: checking for windres
configure:9179: result: no
configure:9290: checking for windmc
configure:9320: result: no
configure:9431: checking for objcopy
configure:9447: found /usr/bin/objcopy
configure:9458: result: objcopy
configure:9572: checking for objdump
configure:9588: found /usr/bin/objdump
configure:9599: result: objdump
configure:9713: checking for readelf
configure:9729: found /usr/bin/readelf
configure:9740: result: readelf
configure:9854: checking for arm-linux-cc
configure:9884: result: no
configure:9854: checking for arm-linux-gcc
configure:9870: found /work/tools/gcc-3.4.5-glibc-2.3.6/bin/arm-linux-gcc
configure:9881: result: arm-linux-gcc
configure:10015: checking for arm-linux-c++
configure:10031: found /work/tools/gcc-3.4.5-glibc-2.3.6/bin/arm-linux-c++
configure:10042: result: arm-linux-c++
configure:10176: checking for arm-linux-gcc
configure:10192: found /work/tools/gcc-3.4.5-glibc-2.3.6/bin/arm-linux-gcc
configure:10203: result: arm-linux-gcc
configure:10332: checking for arm-linux-gcj
configure:10362: result: no
configure:10493: checking for arm-linux-gfortran
configure:10523: result: no
configure:10654: checking for arm-linux-gccgo
configure:10684: result: no
configure:10895: checking for arm-linux-ar
configure:10911: found /work/tools/gcc-3.4.5-glibc-2.3.6/bin/arm-linux-ar
configure:10922: result: arm-linux-ar
configure:11125: checking for arm-linux-as
configure:11141: found /work/tools/gcc-3.4.5-glibc-2.3.6/bin/arm-linux-as
configure:11152: result: arm-linux-as
configure:11355: checking for arm-linux-dlltool
configure:11385: result: no
configure:11585: checking for arm-linux-ld
configure:11601: found /work/tools/gcc-3.4.5-glibc-2.3.6/bin/arm-linux-ld
configure:11612: result: arm-linux-ld
configure:11815: checking for arm-linux-lipo
configure:11845: result: no
configure:12045: checking for arm-linux-nm
configure:12061: found /work/tools/gcc-3.4.5-glibc-2.3.6/bin/arm-linux-nm
configure:12072: result: arm-linux-nm
configure:12275: checking for arm-linux-objdump
configure:12291: found /work/tools/gcc-3.4.5-glibc-2.3.6/bin/arm-linux-objdump
configure:12302: result: arm-linux-objdump
configure:12505: checking for arm-linux-ranlib
configure:12521: found /work/tools/gcc-3.4.5-glibc-2.3.6/bin/arm-linux-ranlib
configure:12532: result: arm-linux-ranlib
configure:12735: checking for arm-linux-readelf
configure:12751: found /work/tools/gcc-3.4.5-glibc-2.3.6/bin/arm-linux-readelf
configure:12762: result: arm-linux-readelf
configure:12965: checking for arm-linux-strip
configure:12981: found /work/tools/gcc-3.4.5-glibc-2.3.6/bin/arm-linux-strip
configure:12992: result: arm-linux-strip
configure:13195: checking for arm-linux-windres
configure:13225: result: no
configure:13425: checking for arm-linux-windmc
configure:13455: result: no
configure:13522: checking where to find the target ar
configure:13559: result: pre-installed
configure:13564: checking where to find the target as
configure:13601: result: pre-installed
configure:13606: checking where to find the target cc
configure:13643: result: pre-installed
configure:13648: checking where to find the target c++
configure:13688: result: pre-installed
configure:13693: checking where to find the target c++ for libstdc++
configure:13733: result: pre-installed
configure:13738: checking where to find the target dlltool
configure:13775: result: pre-installed
configure:13780: checking where to find the target gcc
configure:13817: result: pre-installed
configure:13822: checking where to find the target gcj
configure:13862: result: pre-installed
configure:13867: checking where to find the target gfortran
configure:13907: result: pre-installed
configure:13912: checking where to find the target gccgo
configure:13952: result: pre-installed
configure:13957: checking where to find the target ld
configure:13994: result: pre-installed
configure:13999: checking where to find the target lipo
configure:14025: result: pre-installed
configure:14030: checking where to find the target nm
configure:14067: result: pre-installed
configure:14072: checking where to find the target objdump
configure:14109: result: pre-installed
configure:14114: checking where to find the target ranlib
configure:14151: result: pre-installed
configure:14156: checking where to find the target readelf
configure:14193: result: pre-installed
configure:14198: checking where to find the target strip
configure:14235: result: pre-installed
configure:14240: checking where to find the target windres
configure:14277: result: pre-installed
configure:14282: checking where to find the target windmc
configure:14319: result: pre-installed
configure:14352: checking whether to enable maintainer-specific portions of Makefiles
configure:14361: result: no
configure:14394: checking whether -fkeep-inline-functions is supported
configure:14413: gcc -c -g -O2 -fkeep-inline-functions  conftest.c >&5
configure:14413: $? = 0
configure:14414: result: yes
configure:14620: creating ./config.status

## ---------------------- ##
## Running config.status. ##
## ---------------------- ##

This file was extended by config.status, which was
generated by GNU Autoconf 2.64.  Invocation command line was

  CONFIG_FILES    = 
  CONFIG_HEADERS  = 
  CONFIG_LINKS    = 
  CONFIG_COMMANDS = 
  $ ./config.status 

on book-desktop

config.status:935: creating Makefile

## ---------------- ##
## Cache variables. ##
## ---------------- ##

ac_cv_build=i686-pc-linux-gnu
ac_cv_c_compiler_gnu=yes
ac_cv_cxx_compiler_gnu=yes
ac_cv_env_AR_FOR_TARGET_set=
ac_cv_env_AR_FOR_TARGET_value=
ac_cv_env_AR_set=
ac_cv_env_AR_value=
ac_cv_env_AS_FOR_TARGET_set=
ac_cv_env_AS_FOR_TARGET_value=
ac_cv_env_AS_set=
ac_cv_env_AS_value=
ac_cv_env_CCC_set=
ac_cv_env_CCC_value=
ac_cv_env_CC_FOR_TARGET_set=
ac_cv_env_CC_FOR_TARGET_value=
ac_cv_env_CC_set=
ac_cv_env_CC_value=
ac_cv_env_CFLAGS_set=
ac_cv_env_CFLAGS_value=
ac_cv_env_CPPFLAGS_set=
ac_cv_env_CPPFLAGS_value=
ac_cv_env_CXXFLAGS_set=
ac_cv_env_CXXFLAGS_value=
ac_cv_env_CXX_FOR_TARGET_set=
ac_cv_env_CXX_FOR_TARGET_value=
ac_cv_env_CXX_set=
ac_cv_env_CXX_value=
ac_cv_env_DLLTOOL_FOR_TARGET_set=
ac_cv_env_DLLTOOL_FOR_TARGET_value=
ac_cv_env_DLLTOOL_set=
ac_cv_env_DLLTOOL_value=
ac_cv_env_GCC_FOR_TARGET_set=
ac_cv_env_GCC_FOR_TARGET_value=
ac_cv_env_GCJ_FOR_TARGET_set=
ac_cv_env_GCJ_FOR_TARGET_value=
ac_cv_env_GFORTRAN_FOR_TARGET_set=
ac_cv_env_GFORTRAN_FOR_TARGET_value=
ac_cv_env_GOC_FOR_TARGET_set=
ac_cv_env_GOC_FOR_TARGET_value=
ac_cv_env_LDFLAGS_set=
ac_cv_env_LDFLAGS_value=
ac_cv_env_LD_FOR_TARGET_set=
ac_cv_env_LD_FOR_TARGET_value=
ac_cv_env_LD_set=
ac_cv_env_LD_value=
ac_cv_env_LIBS_set=
ac_cv_env_LIBS_value=
ac_cv_env_LIPO_FOR_TARGET_set=
ac_cv_env_LIPO_FOR_TARGET_value=
ac_cv_env_LIPO_set=
ac_cv_env_LIPO_value=
ac_cv_env_NM_FOR_TARGET_set=
ac_cv_env_NM_FOR_TARGET_value=
ac_cv_env_NM_set=
ac_cv_env_NM_value=
ac_cv_env_OBJCOPY_set=
ac_cv_env_OBJCOPY_value=
ac_cv_env_OBJDUMP_FOR_TARGET_set=
ac_cv_env_OBJDUMP_FOR_TARGET_value=
ac_cv_env_OBJDUMP_set=
ac_cv_env_OBJDUMP_value=
ac_cv_env_RANLIB_FOR_TARGET_set=
ac_cv_env_RANLIB_FOR_TARGET_value=
ac_cv_env_RANLIB_set=
ac_cv_env_RANLIB_value=
ac_cv_env_READELF_FOR_TARGET_set=
ac_cv_env_READELF_FOR_TARGET_value=
ac_cv_env_READELF_set=
ac_cv_env_READELF_value=
ac_cv_env_STRIP_FOR_TARGET_set=
ac_cv_env_STRIP_FOR_TARGET_value=
ac_cv_env_STRIP_set=
ac_cv_env_STRIP_value=
ac_cv_env_WINDMC_FOR_TARGET_set=
ac_cv_env_WINDMC_FOR_TARGET_value=
ac_cv_env_WINDMC_set=
ac_cv_env_WINDMC_value=
ac_cv_env_WINDRES_FOR_TARGET_set=
ac_cv_env_WINDRES_FOR_TARGET_value=
ac_cv_env_WINDRES_set=
ac_cv_env_WINDRES_value=
ac_cv_env_build_alias_set=
ac_cv_env_build_alias_value=
ac_cv_env_build_configargs_set=
ac_cv_env_build_configargs_value=
ac_cv_env_host_alias_set=
ac_cv_env_host_alias_value=
ac_cv_env_host_configargs_set=
ac_cv_env_host_configargs_value=
ac_cv_env_target_alias_set=set
ac_cv_env_target_alias_value=arm-linux
ac_cv_env_target_configargs_set=
ac_cv_env_target_configargs_value=
ac_cv_host=i686-pc-linux-gnu
ac_cv_lib_pwl_PWL_handle_timeout=no
ac_cv_objext=o
ac_cv_path_SED=/bin/sed
ac_cv_path_install='/usr/bin/install -c'
ac_cv_prog_AR=ar
ac_cv_prog_AR_FOR_TARGET=arm-linux-ar
ac_cv_prog_AS=as
ac_cv_prog_AS_FOR_TARGET=arm-linux-as
ac_cv_prog_AWK=mawk
ac_cv_prog_BISON=bison
ac_cv_prog_CC_FOR_TARGET=arm-linux-gcc
ac_cv_prog_CXX_FOR_TARGET=arm-linux-c++
ac_cv_prog_FLEX=flex
ac_cv_prog_GCC_FOR_TARGET=arm-linux-gcc
ac_cv_prog_LD=ld
ac_cv_prog_LD_FOR_TARGET=arm-linux-ld
ac_cv_prog_LEX=flex
ac_cv_prog_M4=m4
ac_cv_prog_MAKEINFO=makeinfo
ac_cv_prog_NM=nm
ac_cv_prog_NM_FOR_TARGET=arm-linux-nm
ac_cv_prog_OBJCOPY=objcopy
ac_cv_prog_OBJDUMP=objdump
ac_cv_prog_OBJDUMP_FOR_TARGET=arm-linux-objdump
ac_cv_prog_RANLIB=ranlib
ac_cv_prog_RANLIB_FOR_TARGET=arm-linux-ranlib
ac_cv_prog_READELF=readelf
ac_cv_prog_READELF_FOR_TARGET=arm-linux-readelf
ac_cv_prog_STRIP=strip
ac_cv_prog_STRIP_FOR_TARGET=arm-linux-strip
ac_cv_prog_YACC='bison -y'
ac_cv_prog_ac_ct_CC=gcc
ac_cv_prog_ac_ct_CXX=g++
ac_cv_prog_cc_c89=
ac_cv_prog_cc_g=yes
ac_cv_prog_cxx_g=yes
ac_cv_target=arm-unknown-linux-gnu
acx_cv_cc_gcc_supports_ada=no
acx_cv_prog_LN=ln
gcc_cv_prog_cmp_skip='cmp --ignore-initial=16 $$f1 $$f2'
gcc_cv_tool_dirs=
gcc_cv_tool_prefix=/home/book/workspace/2_driver/34_debug_app_with_gdb_gdbsever/gdb-7.4/tmp
lt_cv_objdir=.libs

## ----------------- ##
## Output variables. ##
## ----------------- ##

AR='ar'
AR_FOR_BUILD='$(AR)'
AR_FOR_TARGET='arm-linux-ar'
AS='as'
AS_FOR_BUILD='$(AS)'
AS_FOR_TARGET='arm-linux-as'
AWK='mawk'
BISON='bison'
BUILD_CONFIG=''
CC='gcc'
CC_FOR_BUILD='$(CC)'
CC_FOR_TARGET='arm-linux-gcc'
CFLAGS='-g -O2'
CFLAGS_FOR_BUILD='-g -O2'
CFLAGS_FOR_TARGET='-g -O2'
COMPILER_AS_FOR_TARGET='$(AS_FOR_TARGET)'
COMPILER_LD_FOR_TARGET='$(LD_FOR_TARGET)'
COMPILER_NM_FOR_TARGET='$(NM_FOR_TARGET)'
CONFIGURE_GDB_TK=''
CPPFLAGS=''
CXX='g++'
CXXFLAGS='-g -O2'
CXXFLAGS_FOR_BUILD='-g -O2'
CXXFLAGS_FOR_TARGET='-g -O2'
CXX_FOR_BUILD='$(CXX)'
CXX_FOR_TARGET='arm-linux-c++'
DEBUG_PREFIX_CFLAGS_FOR_TARGET=''
DEFS='-DPACKAGE_NAME=\"\" -DPACKAGE_TARNAME=\"\" -DPACKAGE_VERSION=\"\" -DPACKAGE_STRING=\"\" -DPACKAGE_BUGREPORT=\"\" -DPACKAGE_URL=\"\" -DLT_OBJDIR=\".libs/\"'
DLLTOOL='dlltool'
DLLTOOL_FOR_BUILD='$(DLLTOOL)'
DLLTOOL_FOR_TARGET='arm-linux-dlltool'
ECHO_C=''
ECHO_N='-n'
ECHO_T=''
EXEEXT=''
EXPECT='expect'
EXTRA_CONFIGARGS_LIBJAVA='--disable-static'
FLAGS_FOR_TARGET=''
FLEX='flex'
GCC_FOR_TARGET='arm-linux-gcc'
GCC_SHLIB_SUBDIR=''
GCJ_FOR_BUILD='$(GCJ)'
GCJ_FOR_TARGET='arm-linux-gcj'
GDB_TK=''
GFORTRAN_FOR_BUILD='$(GFORTRAN)'
GFORTRAN_FOR_TARGET='arm-linux-gfortran'
GNATBIND='no'
GNATMAKE='no'
GOC_FOR_BUILD='$(GOC)'
GOC_FOR_TARGET='arm-linux-gccgo'
INSTALL_DATA='${INSTALL} -m 644'
INSTALL_GDB_TK=''
INSTALL_PROGRAM='${INSTALL}'
INSTALL_SCRIPT='${INSTALL}'
LD='ld'
LDFLAGS=''
LDFLAGS_FOR_BUILD=''
LDFLAGS_FOR_TARGET=''
LD_FOR_BUILD='$(LD)'
LD_FOR_TARGET='arm-linux-ld'
LEX='flex'
LIBOBJS=''
LIBS=''
LIPO='lipo'
LIPO_FOR_TARGET='arm-linux-lipo'
LN='ln'
LN_S='ln -s'
LTLIBOBJS=''
M4='m4'
MAINT='#'
MAINTAINER_MODE_FALSE=''
MAINTAINER_MODE_TRUE='#'
MAKEINFO='makeinfo'
NM='nm'
NM_FOR_BUILD='$(NM)'
NM_FOR_TARGET='arm-linux-nm'
OBJCOPY='objcopy'
OBJDUMP='objdump'
OBJDUMP_FOR_TARGET='arm-linux-objdump'
OBJEXT='o'
PACKAGE_BUGREPORT=''
PACKAGE_NAME=''
PACKAGE_STRING=''
PACKAGE_TARNAME=''
PACKAGE_URL=''
PACKAGE_VERSION=''
PATH_SEPARATOR=':'
POSTSTAGE1_CONFIGURE_FLAGS='--enable-build-with-cxx'
RANLIB='ranlib'
RANLIB_FOR_BUILD='$(RANLIB)'
RANLIB_FOR_TARGET='arm-linux-ranlib'
RAW_CXX_FOR_TARGET='arm-linux-c++'
READELF='readelf'
READELF_FOR_TARGET='arm-linux-readelf'
RPATH_ENVVAR='LD_LIBRARY_PATH'
RUNTEST='runtest'
SED='/bin/sed'
SHELL='/bin/bash'
STRIP='strip'
STRIP_FOR_TARGET='arm-linux-strip'
SYSROOT_CFLAGS_FOR_TARGET=''
TOPLEVEL_CONFIGURE_ARGUMENTS='./configure --target=arm-linux prefix=/home/book/workspace/2_driver/34_debug_app_with_gdb_gdbsever/gdb-7.4/tmp'
WINDMC='windmc'
WINDMC_FOR_BUILD='$(WINDMC)'
WINDMC_FOR_TARGET='arm-linux-windmc'
WINDRES='windres'
WINDRES_FOR_BUILD='$(WINDRES)'
WINDRES_FOR_TARGET='arm-linux-windres'
YACC='bison -y'
ac_ct_CC='gcc'
ac_ct_CXX='g++'
bindir='${exec_prefix}/bin'
build='i686-pc-linux-gnu'
build_alias=''
build_configargs=' --cache-file=../config.cache  --program-transform-name='\''s&^&arm-linux-&'\'' --disable-option-checking'
build_configdirs=' libiberty'
build_cpu='i686'
build_libsubdir='build-i686-pc-linux-gnu'
build_noncanonical='i686-pc-linux-gnu'
build_os='linux-gnu'
build_subdir='build-i686-pc-linux-gnu'
build_tooldir='${exec_prefix}/arm-linux'
build_vendor='pc'
clooginc=''
clooglibs=''
compare_exclusions='gcc/cc*-checksum$(objext) | gcc/ada/*tools/*'
configdirs=' intl libiberty opcodes bfd readline libdecnumber sim gdb etc'
datadir='${datarootdir}'
datarootdir='${prefix}/share'
do_compare='cmp --ignore-initial=16 $$f1 $$f2'
docdir='${datarootdir}/doc/${PACKAGE}'
dvidir='${docdir}'
exec_prefix='${prefix}'
extra_host_libiberty_configure_flags=''
extra_mpc_gmp_configure_flags=''
extra_mpc_mpfr_configure_flags=''
extra_mpfr_configure_flags=''
gmpinc=''
gmplibs='-lmpc -lmpfr -lgmp'
host='i686-pc-linux-gnu'
host_alias=''
host_configargs=' --cache-file=./config.cache  --with-system-zlib  --program-transform-name='\''s&^&arm-linux-&'\'' --disable-option-checking'
host_cpu='i686'
host_noncanonical='i686-pc-linux-gnu'
host_os='linux-gnu'
host_subdir='.'
host_vendor='pc'
htmldir='${docdir}'
includedir='${prefix}/include'
infodir='${datarootdir}/info'
libdir='${exec_prefix}/lib'
libexecdir='${exec_prefix}/libexec'
localedir='${datarootdir}/locale'
localstatedir='${prefix}/var'
mandir='${datarootdir}/man'
oldincludedir='/usr/include'
pdfdir='${docdir}'
poststage1_ldflags='-static-libstdc++ -static-libgcc'
poststage1_libs=''
pplinc=''
ppllibs=''
prefix='/home/book/workspace/2_driver/34_debug_app_with_gdb_gdbsever/gdb-7.4/tmp'
program_transform_name='s&^&arm-linux-&'
psdir='${docdir}'
sbindir='${exec_prefix}/sbin'
sharedstatedir='${prefix}/com'
stage1_cflags='-g -fkeep-inline-functions'
stage1_checking='--enable-checking=yes,types'
stage1_languages=',c,'
stage1_ldflags=''
stage1_libs=''
stage2_werror_flag=''
sysconfdir='${prefix}/etc'
target='arm-unknown-linux-gnu'
target_alias='arm-linux'
target_configargs='--cache-file=./config.cache --enable-multilib --with-cross-host=i686-pc-linux-gnu   --program-transform-name='\''s&^&arm-linux-&'\'' --disable-option-checking'
target_configdirs=''
target_cpu='arm'
target_noncanonical='arm-linux'
target_os='linux-gnu'
target_subdir='arm-linux'
target_vendor='unknown'
tooldir='${exec_prefix}/arm-linux'

## ------------------- ##
## File substitutions. ##
## ------------------- ##

alphaieee_frag='/dev/null'
host_makefile_frag='/dev/null'
ospace_frag='/dev/null'
serialization_dependencies='serdep.tmp'
target_makefile_frag='./config/mt-gnu'

## ----------- ##
## confdefs.h. ##
## ----------- ##

/* confdefs.h */
#define PACKAGE_NAME ""
#define PACKAGE_TARNAME ""
#define PACKAGE_VERSION ""
#define PACKAGE_STRING ""
#define PACKAGE_BUGREPORT ""
#define PACKAGE_URL ""
#define LT_OBJDIR ".libs/"

configure: exit 0
