This file contains any messages produced by compilers while
running configure, to aid debugging if configure makes a mistake.

It was created by configure, which was
generated by GNU Autoconf 2.64.  Invocation command line was

  $ ./configure --disable-option-checking --prefix=/usr/local --with-system-zlib --program-transform-name=s&^&arm-linux-& --build=i686-pc-linux-gnu --host=i686-pc-linux-gnu --target=arm-linux build_alias=i686-pc-linux-gnu host_alias=i686-pc-linux-gnu target_alias=arm-linux CC=gcc CFLAGS=-g -O2 LDFLAGS=  --cache-file=.././config.cache --srcdir=.

## --------- ##
## Platform. ##
## --------- ##

hostname = book-desktop
uname -m = i686
uname -r = 2.6.31-14-generic
uname -s = Linux
uname -v = #48-Ubuntu SMP Fri Oct 16 14:04:26 UTC 2009

/usr/bin/uname -p = unknown
/bin/uname -X     = unknown

/bin/arch              = unknown
/usr/bin/arch -k       = unknown
/usr/convex/getsysinfo = unknown
/usr/bin/hostinfo      = unknown
/bin/machine           = unknown
/usr/bin/oslevel       = unknown
/bin/universe          = unknown

PATH: /usr/local/sbin
PATH: /usr/local/bin
PATH: /usr/sbin
PATH: /usr/bin
PATH: /sbin
PATH: /bin
PATH: /usr/games
PATH: /work/tools/gcc-3.4.5-glibc-2.3.6/bin


## ----------- ##
## Core tests. ##
## ----------- ##

configure:2185: loading cache .././config.cache
configure:2278: checking for i686-pc-linux-gnu-gcc
configure:2305: result: gcc
configure:2574: checking for C compiler version
configure:2583: gcc --version >&5
gcc (Ubuntu 4.4.1-4ubuntu8) 4.4.1
Copyright (C) 2009 Free Software Foundation, Inc.
This is free software; see the source for copying conditions.  There is NO
warranty; not even for MERCHANTABILITY or FITNESS FOR A PARTICULAR PURPOSE.

configure:2594: $? = 0
configure:2583: gcc -v >&5
Using built-in specs.
Target: i486-linux-gnu
Configured with: ../src/configure -v --with-pkgversion='Ubuntu 4.4.1-4ubuntu8' --with-bugurl=file:///usr/share/doc/gcc-4.4/README.Bugs --enable-languages=c,c++,fortran,objc,obj-c++ --prefix=/usr --enable-shared --enable-multiarch --enable-linker-build-id --with-system-zlib --libexecdir=/usr/lib --without-included-gettext --enable-threads=posix --with-gxx-include-dir=/usr/include/c++/4.4 --program-suffix=-4.4 --enable-nls --enable-clocale=gnu --enable-libstdcxx-debug --enable-objc-gc --enable-targets=all --disable-werror --with-arch-32=i486 --with-tune=generic --enable-checking=release --build=i486-linux-gnu --host=i486-linux-gnu --target=i486-linux-gnu
Thread model: posix
gcc version 4.4.1 (Ubuntu 4.4.1-4ubuntu8) 
configure:2594: $? = 0
configure:2583: gcc -V >&5
gcc: '-V' option must have argument
configure:2594: $? = 1
configure:2583: gcc -qversion >&5
gcc: unrecognized option '-qversion'
gcc: no input files
configure:2594: $? = 1
configure:2614: checking for C compiler default output file name
configure:2636: gcc -g -O2    conftest.c  >&5
configure:2640: $? = 0
configure:2677: result: a.out
configure:2693: checking whether the C compiler works
configure:2702: ./a.out
configure:2706: $? = 0
configure:2721: result: yes
configure:2728: checking whether we are cross compiling
configure:2730: result: no
configure:2733: checking for suffix of executables
configure:2740: gcc -o conftest -g -O2    conftest.c  >&5
configure:2744: $? = 0
configure:2766: result: 
configure:2772: checking for suffix of object files
configure:2819: result: o
configure:2823: checking whether we are using the GNU C compiler
configure:2851: result: yes
configure:2860: checking whether gcc accepts -g
configure:2921: result: yes
configure:2938: checking for gcc option to accept ISO C89
configure:3015: result: none needed
configure:3062: checking build system type
configure:3076: result: i686-pc-linux-gnu
configure:3096: checking host system type
configure:3109: result: i686-pc-linux-gnu
configure:3129: checking target system type
configure:3142: result: arm-unknown-linux-gnu
configure:3192: checking for a BSD-compatible install
configure:3260: result: /usr/bin/install -c
configure:3288: checking how to run the C preprocessor
configure:3358: result: gcc -E
configure:3378: gcc -E  conftest.c
configure:3378: $? = 0
configure:3392: gcc -E  conftest.c
conftest.c:9:28: error: ac_nonexistent.h: No such file or directory
configure:3392: $? = 1
configure: failed program was:
| /* confdefs.h */
| #define PACKAGE_NAME ""
| #define PACKAGE_TARNAME ""
| #define PACKAGE_VERSION ""
| #define PACKAGE_STRING ""
| #define PACKAGE_BUGREPORT ""
| #define PACKAGE_URL ""
| /* end confdefs.h.  */
| #include <ac_nonexistent.h>
configure:3421: checking for grep that handles long lines and -e
configure:3479: result: /bin/grep
configure:3484: checking for egrep
configure:3546: result: /bin/grep -E
configure:3551: checking for ANSI C header files
configure:3655: result: yes
configure:3668: checking for sys/types.h
configure:3668: result: yes
configure:3668: checking for sys/stat.h
configure:3668: result: yes
configure:3668: checking for stdlib.h
configure:3668: result: yes
configure:3668: checking for string.h
configure:3668: result: yes
configure:3668: checking for memory.h
configure:3668: result: yes
configure:3668: checking for strings.h
configure:3668: result: yes
configure:3668: checking for inttypes.h
configure:3668: result: yes
configure:3668: checking for stdint.h
configure:3668: result: yes
configure:3668: checking for unistd.h
configure:3668: result: yes
configure:3705: checking for i686-pc-linux-gnu-ranlib
configure:3732: result: ranlib
configure:3802: checking dependency style of gcc
configure:3887: result: gcc3
configure:3901: checking for make
configure:3928: result: make
configure:3968: checking whether NLS is requested
configure:3974: result: yes
configure:3980: checking for catalogs to be installed
configure:4012: result: 
configure:4032: checking for stdlib.h
configure:4032: result: yes
configure:4032: checking for string.h
configure:4032: result: yes
configure:4032: checking for strings.h
configure:4032: result: yes
configure:4032: checking for unistd.h
configure:4032: result: yes
configure:4032: checking for time.h
configure:4032: result: yes
configure:4046: checking for sys/time.h
configure:4046: result: yes
configure:4046: checking for sys/resource.h
configure:4046: result: yes
configure:4060: checking for fcntl.h
configure:4060: result: yes
configure:4060: checking for fpu_control.h
configure:4060: result: yes
configure:4074: checking for dlfcn.h
configure:4074: result: yes
configure:4074: checking for errno.h
configure:4074: result: yes
configure:4074: checking for sys/stat.h
configure:4074: result: yes
configure:4088: checking for getrusage
configure:4088: result: yes
configure:4088: checking for time
configure:4088: result: yes
configure:4088: checking for sigaction
configure:4088: result: yes
configure:4088: checking for __setfpucw
configure:4088: result: no
configure:4100: checking for bind in -lsocket
configure:4134: result: no
configure:4145: checking for gethostbyname in -lnsl
configure:4179: result: yes
configure:4205: checking for library containing zlibVersion
configure:4253: result: -lz
configure:4260: checking for zlib.h
configure:4260: result: yes
configure:4473: checking return type of signal handlers
configure:4498: result: void
configure:4561: checking for stdlib.h
configure:4561: result: yes
configure:4561: checking for string.h
configure:4561: result: yes
configure:4561: checking for strings.h
configure:4561: result: yes
configure:4561: checking for time.h
configure:4561: result: yes
configure:4561: checking sys/times.h usability
configure:4561: gcc -c -g -O2  conftest.c >&5
configure:4561: $? = 0
configure:4561: result: yes
configure:4561: checking sys/times.h presence
configure:4561: gcc -E  conftest.c
configure:4561: $? = 0
configure:4561: result: yes
configure:4561: checking for sys/times.h
configure:4561: result: yes
configure:4561: checking for sys/stat.h
configure:4561: result: yes
configure:4561: checking sys/mman.h usability
configure:4561: gcc -c -g -O2  conftest.c >&5
configure:4561: $? = 0
configure:4561: result: yes
configure:4561: checking sys/mman.h presence
configure:4561: gcc -E  conftest.c
configure:4561: $? = 0
configure:4561: result: yes
configure:4561: checking for sys/mman.h
configure:4561: result: yes
configure:4575: checking for mmap
configure:4575: gcc -o conftest -g -O2    conftest.c -lz -lnsl  >&5
configure:4575: $? = 0
configure:4575: result: yes
configure:4575: checking for munmap
configure:4575: gcc -o conftest -g -O2    conftest.c -lz -lnsl  >&5
configure:4575: $? = 0
configure:4575: result: yes
configure:4575: checking for lstat
configure:4575: gcc -o conftest -g -O2    conftest.c -lz -lnsl  >&5
configure:4575: $? = 0
configure:4575: result: yes
configure:4575: checking for truncate
configure:4575: gcc -o conftest -g -O2    conftest.c -lz -lnsl  >&5
configure:4575: $? = 0
configure:4575: result: yes
configure:4575: checking for ftruncate
configure:4575: gcc -o conftest -g -O2    conftest.c -lz -lnsl  >&5
configure:4575: $? = 0
configure:4575: result: yes
configure:4575: checking for posix_fallocate
configure:4575: gcc -o conftest -g -O2    conftest.c -lz -lnsl  >&5
configure:4575: $? = 0
configure:4575: result: yes
configure:4585: checking for struct stat.st_dev
configure:4585: gcc -c -g -O2  conftest.c >&5
configure:4585: $? = 0
configure:4585: result: yes
configure:4600: checking for struct stat.st_ino
configure:4600: gcc -c -g -O2  conftest.c >&5
configure:4600: $? = 0
configure:4600: result: yes
configure:4615: checking for struct stat.st_mode
configure:4615: gcc -c -g -O2  conftest.c >&5
configure:4615: $? = 0
configure:4615: result: yes
configure:4630: checking for struct stat.st_nlink
configure:4630: gcc -c -g -O2  conftest.c >&5
configure:4630: $? = 0
configure:4630: result: yes
configure:4645: checking for struct stat.st_uid
configure:4645: gcc -c -g -O2  conftest.c >&5
configure:4645: $? = 0
configure:4645: result: yes
configure:4660: checking for struct stat.st_gid
configure:4660: gcc -c -g -O2  conftest.c >&5
configure:4660: $? = 0
configure:4660: result: yes
configure:4675: checking for struct stat.st_rdev
configure:4675: gcc -c -g -O2  conftest.c >&5
configure:4675: $? = 0
configure:4675: result: yes
configure:4690: checking for struct stat.st_size
configure:4690: gcc -c -g -O2  conftest.c >&5
configure:4690: $? = 0
configure:4690: result: yes
configure:4705: checking for struct stat.st_blksize
configure:4705: gcc -c -g -O2  conftest.c >&5
configure:4705: $? = 0
configure:4705: result: yes
configure:4720: checking for struct stat.st_blocks
configure:4720: gcc -c -g -O2  conftest.c >&5
configure:4720: $? = 0
configure:4720: result: yes
configure:4735: checking for struct stat.st_atime
configure:4735: gcc -c -g -O2  conftest.c >&5
configure:4735: $? = 0
configure:4735: result: yes
configure:4750: checking for struct stat.st_mtime
configure:4750: gcc -c -g -O2  conftest.c >&5
configure:4750: $? = 0
configure:4750: result: yes
configure:4765: checking for struct stat.st_ctime
configure:4765: gcc -c -g -O2  conftest.c >&5
configure:4765: $? = 0
configure:4765: result: yes
configure:4781: checking for socklen_t
configure:4781: gcc -c -g -O2  conftest.c >&5
configure:4781: $? = 0
configure:4781: gcc -c -g -O2  conftest.c >&5
conftest.c: In function 'main':
conftest.c:73: error: expected expression before ')' token
configure:4781: $? = 1
configure: failed program was:
| /* confdefs.h */
| #define PACKAGE_NAME ""
| #define PACKAGE_TARNAME ""
| #define PACKAGE_VERSION ""
| #define PACKAGE_STRING ""
| #define PACKAGE_BUGREPORT ""
| #define PACKAGE_URL ""
| #define STDC_HEADERS 1
| #define HAVE_SYS_TYPES_H 1
| #define HAVE_SYS_STAT_H 1
| #define HAVE_STDLIB_H 1
| #define HAVE_STRING_H 1
| #define HAVE_MEMORY_H 1
| #define HAVE_STRINGS_H 1
| #define HAVE_INTTYPES_H 1
| #define HAVE_STDINT_H 1
| #define HAVE_UNISTD_H 1
| #define ENABLE_NLS 1
| #define HAVE_STDLIB_H 1
| #define HAVE_STRING_H 1
| #define HAVE_STRINGS_H 1
| #define HAVE_UNISTD_H 1
| #define HAVE_TIME_H 1
| #define HAVE_SYS_TIME_H 1
| #define HAVE_SYS_RESOURCE_H 1
| #define HAVE_FCNTL_H 1
| #define HAVE_FPU_CONTROL_H 1
| #define HAVE_DLFCN_H 1
| #define HAVE_ERRNO_H 1
| #define HAVE_SYS_STAT_H 1
| #define HAVE_GETRUSAGE 1
| #define HAVE_TIME 1
| #define HAVE_SIGACTION 1
| #define HAVE_LIBNSL 1
| #define HAVE_ZLIB_H 1
| #define PKGVERSION "(GDB) "
| #define REPORT_BUGS_TO "<http://www.gnu.org/software/gdb/bugs/>"
| #define RETSIGTYPE void
| #define HAVE_STDLIB_H 1
| #define HAVE_STRING_H 1
| #define HAVE_STRINGS_H 1
| #define HAVE_TIME_H 1
| #define HAVE_SYS_TIMES_H 1
| #define HAVE_SYS_STAT_H 1
| #define HAVE_SYS_MMAN_H 1
| #define HAVE_MMAP 1
| #define HAVE_MUNMAP 1
| #define HAVE_LSTAT 1
| #define HAVE_TRUNCATE 1
| #define HAVE_FTRUNCATE 1
| #define HAVE_POSIX_FALLOCATE 1
| #define HAVE_STRUCT_STAT_ST_DEV 1
| #define HAVE_STRUCT_STAT_ST_INO 1
| #define HAVE_STRUCT_STAT_ST_MODE 1
| #define HAVE_STRUCT_STAT_ST_NLINK 1
| #define HAVE_STRUCT_STAT_ST_UID 1
| #define HAVE_STRUCT_STAT_ST_GID 1
| #define HAVE_STRUCT_STAT_ST_RDEV 1
| #define HAVE_STRUCT_STAT_ST_SIZE 1
| #define HAVE_STRUCT_STAT_ST_BLKSIZE 1
| #define HAVE_STRUCT_STAT_ST_BLOCKS 1
| #define HAVE_STRUCT_STAT_ST_ATIME 1
| #define HAVE_STRUCT_STAT_ST_MTIME 1
| #define HAVE_STRUCT_STAT_ST_CTIME 1
| /* end confdefs.h.  */
| #include <sys/types.h>
| #include <sys/socket.h>
| 
| 
| int
| main ()
| {
| if (sizeof ((socklen_t)))
| 	    return 0;
|   ;
|   return 0;
| }
configure:4781: result: yes
configure:4864: updating cache .././config.cache
configure:4905: creating ./config.status

## ---------------------- ##
## Running config.status. ##
## ---------------------- ##

This file was extended by config.status, which was
generated by GNU Autoconf 2.64.  Invocation command line was

  CONFIG_FILES    = 
  CONFIG_HEADERS  = 
  CONFIG_LINKS    = 
  CONFIG_COMMANDS = 
  $ ./config.status 

on book-desktop

config.status:930: creating Makefile
config.status:930: creating cconfig.h
config.status:1110: executing depdir commands
config.status:1110: executing default commands

## ---------------- ##
## Cache variables. ##
## ---------------- ##

ac_cv_build=i686-pc-linux-gnu
ac_cv_c_compiler_gnu=yes
ac_cv_env_CC_set=set
ac_cv_env_CC_value=gcc
ac_cv_env_CFLAGS_set=set
ac_cv_env_CFLAGS_value='-g -O2'
ac_cv_env_CPPFLAGS_set=
ac_cv_env_CPPFLAGS_value=
ac_cv_env_CPP_set=
ac_cv_env_CPP_value=
ac_cv_env_LDFLAGS_set=set
ac_cv_env_LDFLAGS_value=' '
ac_cv_env_LIBS_set=
ac_cv_env_LIBS_value=
ac_cv_env_build_alias_set=set
ac_cv_env_build_alias_value=i686-pc-linux-gnu
ac_cv_env_host_alias_set=set
ac_cv_env_host_alias_value=i686-pc-linux-gnu
ac_cv_env_target_alias_set=set
ac_cv_env_target_alias_value=arm-linux
ac_cv_func___setfpucw=no
ac_cv_func_ftruncate=yes
ac_cv_func_getrusage=yes
ac_cv_func_lstat=yes
ac_cv_func_mmap=yes
ac_cv_func_munmap=yes
ac_cv_func_posix_fallocate=yes
ac_cv_func_sigaction=yes
ac_cv_func_time=yes
ac_cv_func_truncate=yes
ac_cv_header_dlfcn_h=yes
ac_cv_header_errno_h=yes
ac_cv_header_fcntl_h=yes
ac_cv_header_fpu_control_h=yes
ac_cv_header_inttypes_h=yes
ac_cv_header_memory_h=yes
ac_cv_header_stdc=yes
ac_cv_header_stdint_h=yes
ac_cv_header_stdlib_h=yes
ac_cv_header_string_h=yes
ac_cv_header_strings_h=yes
ac_cv_header_sys_mman_h=yes
ac_cv_header_sys_resource_h=yes
ac_cv_header_sys_stat_h=yes
ac_cv_header_sys_time_h=yes
ac_cv_header_sys_times_h=yes
ac_cv_header_sys_types_h=yes
ac_cv_header_time_h=yes
ac_cv_header_unistd_h=yes
ac_cv_header_zlib_h=yes
ac_cv_host=i686-pc-linux-gnu
ac_cv_lib_nsl_gethostbyname=yes
ac_cv_lib_socket_bind=no
ac_cv_member_struct_stat_st_atime=yes
ac_cv_member_struct_stat_st_blksize=yes
ac_cv_member_struct_stat_st_blocks=yes
ac_cv_member_struct_stat_st_ctime=yes
ac_cv_member_struct_stat_st_dev=yes
ac_cv_member_struct_stat_st_gid=yes
ac_cv_member_struct_stat_st_ino=yes
ac_cv_member_struct_stat_st_mode=yes
ac_cv_member_struct_stat_st_mtime=yes
ac_cv_member_struct_stat_st_nlink=yes
ac_cv_member_struct_stat_st_rdev=yes
ac_cv_member_struct_stat_st_size=yes
ac_cv_member_struct_stat_st_uid=yes
ac_cv_objext=o
ac_cv_path_EGREP='/bin/grep -E'
ac_cv_path_GREP=/bin/grep
ac_cv_prog_AR=ar
ac_cv_prog_CC=gcc
ac_cv_prog_CPP='gcc -E'
ac_cv_prog_MAKE=make
ac_cv_prog_RANLIB=ranlib
ac_cv_prog_cc_c89=
ac_cv_prog_cc_g=yes
ac_cv_search_zlibVersion=-lz
ac_cv_target=arm-unknown-linux-gnu
ac_cv_type_signal=void
ac_cv_type_socklen_t=yes
am_cv_CC_dependencies_compiler_type=gcc3

## ----------------- ##
## Output variables. ##
## ----------------- ##

AR='ar'
CATALOGS=''
CATOBJEXT='.gmo'
CC='gcc'
CCDEPMODE='depmode=gcc3'
CC_FOR_BUILD='$(CC)'
CFLAGS='-g -O2'
CPP='gcc -E'
CPPFLAGS=''
CPP_FOR_TARGET='`   if test -f $${rootme}/../../gcc/Makefile ; then     if test -f $${rootme}/../../$(TARGET_SUBDIR)/newlib/Makefile ; then       echo $${rootme}/../../gcc/xgcc -B$${rootme}/../../gcc/ -idirafter $${rootme}/../../$(TARGET_SUBDIR)/newlib/targ-include -idirafter $(srcroot)/newlib/libc/include -nostdinc;     else       echo $${rootme}/../../gcc/xgcc -B$${rootme}/../../gcc/;     fi;   else     if test '\''$(host_canonical)'\'' = '\''$(target_canonical)'\'' ; then       echo $(CC);     else       t='\''$(program_transform_name)'\''; echo gcc | sed -e '\''s/x/x/'\'' $$t;     fi;   fi` -E'
DATADIRNAME='share'
DEFS='-DHAVE_CONFIG_H'
DEPDIR='.deps'
ECHO_C=''
ECHO_N='-n'
ECHO_T=''
EGREP='/bin/grep -E'
EXEEXT=''
GENCAT='gencat'
GMAKE_FALSE='#'
GMAKE_TRUE=''
GMSGFMT=':'
GREP='/bin/grep'
HDEFINES=''
INCINTL=''
INSTALL_DATA='/usr/bin/install -c -m 644'
INSTALL_PROGRAM='/usr/bin/install -c'
INSTALL_SCRIPT='/usr/bin/install -c'
INSTOBJEXT='.mo'
LDFLAGS=' '
LIBINTL=''
LIBINTL_DEP=''
LIBOBJS=''
LIBS='-lz -lnsl '
LTLIBOBJS=''
MAINT='#'
MAKE='make'
OBJEXT='o'
PACKAGE_BUGREPORT=''
PACKAGE_NAME=''
PACKAGE_STRING=''
PACKAGE_TARNAME=''
PACKAGE_URL=''
PACKAGE_VERSION=''
PATH_SEPARATOR=':'
PKGVERSION='(GDB) '
POSUB='po'
RANLIB='ranlib'
REPORT_BUGS_TEXI='@uref{http://www.gnu.org/software/gdb/bugs/}'
REPORT_BUGS_TO='<http://www.gnu.org/software/gdb/bugs/>'
SHELL='/bin/bash'
TARGET_SUBDIR='arm-linux'
USE_NLS='yes'
WARN_CFLAGS=''
WERROR_CFLAGS=''
XGETTEXT=':'
ac_ct_CC=''
am__leading_dot='.'
bindir='${exec_prefix}/bin'
build='i686-pc-linux-gnu'
build_alias='i686-pc-linux-gnu'
build_cpu='i686'
build_os='linux-gnu'
build_vendor='pc'
datadir='${datarootdir}'
datarootdir='${prefix}/share'
docdir='${datarootdir}/doc/${PACKAGE}'
dvidir='${docdir}'
exec_prefix='${prefix}'
host='i686-pc-linux-gnu'
host_alias='i686-pc-linux-gnu'
host_cpu='i686'
host_os='linux-gnu'
host_vendor='pc'
htmldir='${docdir}'
includedir='${prefix}/include'
infodir='${datarootdir}/info'
libdir='${exec_prefix}/lib'
libexecdir='${exec_prefix}/libexec'
localedir='${datarootdir}/locale'
localstatedir='${prefix}/var'
mandir='${datarootdir}/man'
oldincludedir='/usr/include'
pdfdir='${docdir}'
prefix='/usr/local'
program_transform_name='s&^&arm-linux-&'
psdir='${docdir}'
sbindir='${exec_prefix}/sbin'
sharedstatedir='${prefix}/com'
sim_alignment=''
sim_assert=''
sim_bitsize=''
sim_bswap=''
sim_cflags=''
sim_debug=''
sim_default_model=''
sim_endian=''
sim_environment=''
sim_float=''
sim_hostendian=''
sim_hw=''
sim_hw_cflags=''
sim_hw_objs=''
sim_inline=''
sim_packages=''
sim_profile='-DPROFILE=1 -DWITH_PROFILE=-1'
sim_regparm=''
sim_reserved_bits=''
sim_scache=''
sim_smp=''
sim_stdcall=''
sim_stdio=''
sim_trace=''
sim_xor_endian=''
sysconfdir='${prefix}/etc'
target='arm-unknown-linux-gnu'
target_alias='arm-linux'
target_cpu='arm'
target_os='linux-gnu'
target_vendor='unknown'

## ----------- ##
## confdefs.h. ##
## ----------- ##

/* confdefs.h */
#define PACKAGE_NAME ""
#define PACKAGE_TARNAME ""
#define PACKAGE_VERSION ""
#define PACKAGE_STRING ""
#define PACKAGE_BUGREPORT ""
#define PACKAGE_URL ""
#define STDC_HEADERS 1
#define HAVE_SYS_TYPES_H 1
#define HAVE_SYS_STAT_H 1
#define HAVE_STDLIB_H 1
#define HAVE_STRING_H 1
#define HAVE_MEMORY_H 1
#define HAVE_STRINGS_H 1
#define HAVE_INTTYPES_H 1
#define HAVE_STDINT_H 1
#define HAVE_UNISTD_H 1
#define ENABLE_NLS 1
#define HAVE_STDLIB_H 1
#define HAVE_STRING_H 1
#define HAVE_STRINGS_H 1
#define HAVE_UNISTD_H 1
#define HAVE_TIME_H 1
#define HAVE_SYS_TIME_H 1
#define HAVE_SYS_RESOURCE_H 1
#define HAVE_FCNTL_H 1
#define HAVE_FPU_CONTROL_H 1
#define HAVE_DLFCN_H 1
#define HAVE_ERRNO_H 1
#define HAVE_SYS_STAT_H 1
#define HAVE_GETRUSAGE 1
#define HAVE_TIME 1
#define HAVE_SIGACTION 1
#define HAVE_LIBNSL 1
#define HAVE_ZLIB_H 1
#define PKGVERSION "(GDB) "
#define REPORT_BUGS_TO "<http://www.gnu.org/software/gdb/bugs/>"
#define RETSIGTYPE void
#define HAVE_STDLIB_H 1
#define HAVE_STRING_H 1
#define HAVE_STRINGS_H 1
#define HAVE_TIME_H 1
#define HAVE_SYS_TIMES_H 1
#define HAVE_SYS_STAT_H 1
#define HAVE_SYS_MMAN_H 1
#define HAVE_MMAP 1
#define HAVE_MUNMAP 1
#define HAVE_LSTAT 1
#define HAVE_TRUNCATE 1
#define HAVE_FTRUNCATE 1
#define HAVE_POSIX_FALLOCATE 1
#define HAVE_STRUCT_STAT_ST_DEV 1
#define HAVE_STRUCT_STAT_ST_INO 1
#define HAVE_STRUCT_STAT_ST_MODE 1
#define HAVE_STRUCT_STAT_ST_NLINK 1
#define HAVE_STRUCT_STAT_ST_UID 1
#define HAVE_STRUCT_STAT_ST_GID 1
#define HAVE_STRUCT_STAT_ST_RDEV 1
#define HAVE_STRUCT_STAT_ST_SIZE 1
#define HAVE_STRUCT_STAT_ST_BLKSIZE 1
#define HAVE_STRUCT_STAT_ST_BLOCKS 1
#define HAVE_STRUCT_STAT_ST_ATIME 1
#define HAVE_STRUCT_STAT_ST_MTIME 1
#define HAVE_STRUCT_STAT_ST_CTIME 1
#define HAVE_SOCKLEN_T 1

configure: exit 0
